<?xml version="1.0" encoding="UTF-8"?>
<robot generator="Robot 7.1 (Python 3.12.2 on win32)" generated="2024-10-11T11:24:40.941561" rpa="false" schemaversion="5">
<suite id="s1" name="Lojinha Testes" source="c:\Users\arthu\OneDrive\Área de Trabalho\Estudos\python\TrabalhosFacul\Verificacao_E_Validacao\lojinha_testes.robot">
<test id="s1-t1" name="Caso de teste 02 - Realizar login com usuário inativo" line="18">
<kw name="Abrir o Navegador" owner="lojinha_resources" type="SETUP">
<kw name="Open Browser" owner="SeleniumLibrary">
<msg time="2024-10-11T11:24:41.284500" level="INFO">Opening browser 'chrome' to base url 'http://165.227.93.41/lojinha-web/'.</msg>
<arg>${URL}</arg>
<arg>browser=${BROWSER}</arg>
<doc>Opens a new browser instance to the optional ``url``.</doc>
<status status="PASS" start="2024-10-11T11:24:41.284500" elapsed="5.832280"/>
</kw>
<kw name="Maximize Browser Window" owner="SeleniumLibrary">
<doc>Maximizes current browser window.</doc>
<status status="PASS" start="2024-10-11T11:24:47.118493" elapsed="0.036123"/>
</kw>
<status status="PASS" start="2024-10-11T11:24:41.279488" elapsed="5.875128"/>
</kw>
<kw name="Acessar a pagina home do site" owner="lojinha_resources">
<kw name="Go To" owner="SeleniumLibrary">
<msg time="2024-10-11T11:24:47.161052" level="INFO">Opening url 'http://165.227.93.41/lojinha-web/'</msg>
<arg>url=${URL}</arg>
<doc>Navigates the current browser window to the provided ``url``.</doc>
<status status="PASS" start="2024-10-11T11:24:47.161052" elapsed="1.615354"/>
</kw>
<status status="PASS" start="2024-10-11T11:24:47.154616" elapsed="1.621790"/>
</kw>
<kw name="Digitar no campo usuário o usuário &quot;Paulo&quot;" owner="lojinha_resources">
<kw name="Input Text" owner="SeleniumLibrary">
<msg time="2024-10-11T11:24:48.783645" level="INFO">Typing text 'paulo' into text field 'id:usuario'.</msg>
<arg>id:usuario</arg>
<arg>${USUARIODOIS}</arg>
<doc>Types the given ``text`` into the text field identified by ``locator``.</doc>
<status status="PASS" start="2024-10-11T11:24:48.779496" elapsed="0.183133"/>
</kw>
<status status="PASS" start="2024-10-11T11:24:48.779496" elapsed="0.183133"/>
</kw>
<kw name="Digitar no campo senha a senha do usuário inativo &quot;111111&quot;" owner="lojinha_resources">
<kw name="Input Password" owner="SeleniumLibrary">
<msg time="2024-10-11T11:24:48.966396" level="INFO">Typing password into text field 'id:senha'.</msg>
<msg time="2024-10-11T11:24:49.014505" level="INFO">Temporally setting log level to: NONE</msg>
<arg>id:senha</arg>
<arg>${SENHADOIS}</arg>
<doc>Types the given password into the text field identified by ``locator``.</doc>
<status status="PASS" start="2024-10-11T11:24:48.964969" elapsed="0.134946"/>
</kw>
<status status="PASS" start="2024-10-11T11:24:48.963803" elapsed="0.136112"/>
</kw>
<kw name="Acionar o botão entrar e Verificar mensagem de falha no login" owner="lojinha_resources">
<kw name="Click Button" owner="SeleniumLibrary">
<msg time="2024-10-11T11:24:49.102109" level="INFO">Clicking button 'id:entrar'.</msg>
<arg>id:entrar</arg>
<doc>Clicks the button identified by ``locator``.</doc>
<status status="PASS" start="2024-10-11T11:24:49.102109" elapsed="0.574752"/>
</kw>
<kw name="Capture Page Screenshot" owner="SeleniumLibrary">
<msg time="2024-10-11T11:24:50.320676" level="INFO" html="true">&lt;/td&gt;&lt;/tr&gt;&lt;tr&gt;&lt;td colspan="3"&gt;&lt;a href="selenium-screenshot-1.png"&gt;&lt;img src="selenium-screenshot-1.png" width="800px"&gt;&lt;/a&gt;</msg>
<doc>Takes a screenshot of the current page and embeds it into a log file.</doc>
<status status="PASS" start="2024-10-11T11:24:49.676861" elapsed="0.643815"/>
</kw>
<status status="PASS" start="2024-10-11T11:24:49.101066" elapsed="1.219610"/>
</kw>
<kw name="Fechar o Navegador" owner="lojinha_resources" type="TEARDOWN">
<kw name="Close Browser" owner="SeleniumLibrary">
<doc>Closes the current browser.</doc>
<status status="PASS" start="2024-10-11T11:24:50.329186" elapsed="2.284894"/>
</kw>
<status status="PASS" start="2024-10-11T11:24:50.320676" elapsed="2.293404"/>
</kw>
<status status="PASS" start="2024-10-11T11:24:41.276477" elapsed="11.486981"/>
</test>
<doc>Realizar login com usuário ativo</doc>
<status status="PASS" start="2024-10-11T11:24:40.964991" elapsed="11.827189"/>
</suite>
<statistics>
<total>
<stat pass="1" fail="0" skip="0">All Tests</stat>
</total>
<tag>
</tag>
<suite>
<stat pass="1" fail="0" skip="0" id="s1" name="Lojinha Testes">Lojinha Testes</stat>
</suite>
</statistics>
<errors>
</errors>
</robot>
