<?xml version="1.0" encoding="UTF-8"?>
<robot generator="Robot 7.1 (Python 3.11.9 on win32)" generated="2024-10-15T22:02:55.167719" rpa="false" schemaversion="5">
<suite id="s1" name="Testes Pitissaria" source="C:\Users\User\Desktop\Faculdade\TrabalhosFacul\Verificacao_E_Validacao\Arthur_Robots\testes_pitissaria.robot">
<test id="s1-t1" name="Caso de teste 01 - Realizar cadastro de ingrediente sem preco" line="8">
<kw name="Abrir o navegador" owner="resources_pitissaria" type="SETUP">
<kw name="Open Browser" owner="SeleniumLibrary">
<msg time="2024-10-15T22:02:55.364720" level="INFO">Opening browser 'chrome' to base url 'http://127.0.0.1/Pitissaria/paginas/'.</msg>
<arg>${URL}</arg>
<arg>${BROWSER}</arg>
<doc>Opens a new browser instance to the optional ``url``.</doc>
<status status="PASS" start="2024-10-15T22:02:55.364720" elapsed="1.819096"/>
</kw>
<kw name="Maximize Browser Window" owner="SeleniumLibrary">
<doc>Maximizes current browser window.</doc>
<status status="PASS" start="2024-10-15T22:02:57.183816" elapsed="0.034000"/>
</kw>
<status status="PASS" start="2024-10-15T22:02:55.363719" elapsed="1.855096"/>
</kw>
<kw name="Selecionar a opcao de login" owner="resources_pitissaria">
<kw name="Sleep" owner="BuiltIn">
<msg time="2024-10-15T22:02:58.220352" level="INFO">Slept 1 second.</msg>
<arg>1s</arg>
<doc>Pauses the test executed for the given time.</doc>
<status status="PASS" start="2024-10-15T22:02:57.218815" elapsed="1.001537"/>
</kw>
<kw name="Click Element" owner="SeleniumLibrary">
<msg time="2024-10-15T22:02:58.220352" level="INFO">Clicking element 'xpath=//a[@href='login.php']'.</msg>
<arg>xpath=//a[@href='login.php']</arg>
<doc>Click the element identified by ``locator``.</doc>
<status status="PASS" start="2024-10-15T22:02:58.220352" elapsed="0.099999"/>
</kw>
<status status="PASS" start="2024-10-15T22:02:57.218815" elapsed="1.102535"/>
</kw>
<kw name="Digitar no campo usuario &quot;gerente1&quot;" owner="resources_pitissaria">
<kw name="Input Text" owner="SeleniumLibrary">
<msg time="2024-10-15T22:02:58.322351" level="INFO">Typing text 'gerente1' into text field 'name:email-username'.</msg>
<arg>name:email-username</arg>
<arg>${USER}</arg>
<doc>Types the given ``text`` into the text field identified by ``locator``.</doc>
<status status="PASS" start="2024-10-15T22:02:58.322351" elapsed="0.081000"/>
</kw>
<kw name="Sleep" owner="BuiltIn">
<msg time="2024-10-15T22:02:59.403812" level="INFO">Slept 1 second.</msg>
<arg>1s</arg>
<doc>Pauses the test executed for the given time.</doc>
<status status="PASS" start="2024-10-15T22:02:58.403351" elapsed="1.000461"/>
</kw>
<status status="PASS" start="2024-10-15T22:02:58.322351" elapsed="1.081461"/>
</kw>
<kw name="Digitar no campo senha &quot;123&quot;" owner="resources_pitissaria">
<kw name="Input Password" owner="SeleniumLibrary">
<msg time="2024-10-15T22:02:59.404813" level="INFO">Typing password into text field 'name:senha'.</msg>
<msg time="2024-10-15T22:02:59.429814" level="INFO">Temporally setting log level to: NONE</msg>
<arg>name:senha</arg>
<arg>${PSSWD}</arg>
<doc>Types the given password into the text field identified by ``locator``.</doc>
<status status="PASS" start="2024-10-15T22:02:59.403812" elapsed="0.056000"/>
</kw>
<kw name="Click Button" owner="SeleniumLibrary">
<msg time="2024-10-15T22:02:59.459812" level="INFO">Clicking button 'id:btn-enviar'.</msg>
<arg>id:btn-enviar</arg>
<doc>Clicks the button identified by ``locator``.</doc>
<status status="PASS" start="2024-10-15T22:02:59.459812" elapsed="0.088228"/>
</kw>
<kw name="Sleep" owner="BuiltIn">
<msg time="2024-10-15T22:03:01.548623" level="INFO">Slept 2 seconds.</msg>
<arg>2s</arg>
<doc>Pauses the test executed for the given time.</doc>
<status status="PASS" start="2024-10-15T22:02:59.548040" elapsed="2.000583"/>
</kw>
<status status="PASS" start="2024-10-15T22:02:59.403812" elapsed="2.144811"/>
</kw>
<kw name="Acessar a area de ingredientes" owner="resources_pitissaria">
<kw name="Click Element" owner="SeleniumLibrary">
<msg time="2024-10-15T22:03:01.549314" level="INFO">Clicking element 'xpath=//a[@href="../php/lista_ingredientes.php"]'.</msg>
<arg>xpath=//a[@href="../php/lista_ingredientes.php"]</arg>
<doc>Click the element identified by ``locator``.</doc>
<status status="PASS" start="2024-10-15T22:03:01.549314" elapsed="0.089001"/>
</kw>
<kw name="Sleep" owner="BuiltIn">
<msg time="2024-10-15T22:03:02.639334" level="INFO">Slept 1 second.</msg>
<arg>1s</arg>
<doc>Pauses the test executed for the given time.</doc>
<status status="PASS" start="2024-10-15T22:03:01.638315" elapsed="1.001019"/>
</kw>
<status status="PASS" start="2024-10-15T22:03:01.548623" elapsed="1.090711"/>
</kw>
<kw name="Acessar a area de cadastro de novos ingredientes" owner="resources_pitissaria">
<kw name="Click Element" owner="SeleniumLibrary">
<msg time="2024-10-15T22:03:02.640120" level="INFO">Clicking element 'xpath=//a[@href="../paginas/cadastro_ingredientes.php"]'.</msg>
<arg>xpath=//a[@href="../paginas/cadastro_ingredientes.php"]</arg>
<doc>Click the element identified by ``locator``.</doc>
<status status="PASS" start="2024-10-15T22:03:02.640120" elapsed="0.042933"/>
</kw>
<kw name="Sleep" owner="BuiltIn">
<msg time="2024-10-15T22:03:03.683660" level="INFO">Slept 1 second.</msg>
<arg>1s</arg>
<doc>Pauses the test executed for the given time.</doc>
<status status="PASS" start="2024-10-15T22:03:02.683053" elapsed="1.000607"/>
</kw>
<status status="PASS" start="2024-10-15T22:03:02.639334" elapsed="1.044326"/>
</kw>
<kw name="Confirmar no modal que deseja cadastrar um novo ingrediente" owner="resources_pitissaria">
<kw name="Click Element" owner="SeleniumLibrary">
<msg time="2024-10-15T22:03:03.684663" level="INFO">Clicking element 'xpath=//button[@class='swal2-confirm swal2-styled swal2-default-outline']'.</msg>
<arg>xpath=//button[@class='swal2-confirm swal2-styled swal2-default-outline']</arg>
<doc>Click the element identified by ``locator``.</doc>
<status status="PASS" start="2024-10-15T22:03:03.683660" elapsed="0.060002"/>
</kw>
<kw name="Sleep" owner="BuiltIn">
<msg time="2024-10-15T22:03:04.743693" level="INFO">Slept 1 second.</msg>
<arg>1s</arg>
<doc>Pauses the test executed for the given time.</doc>
<status status="PASS" start="2024-10-15T22:03:03.743662" elapsed="1.000031"/>
</kw>
<status status="PASS" start="2024-10-15T22:03:03.683660" elapsed="1.060033"/>
</kw>
<kw name="Inserir no campo nome o nome &quot;Uva&quot;" owner="resources_pitissaria">
<kw name="Input Text" owner="SeleniumLibrary">
<msg time="2024-10-15T22:03:04.744698" level="INFO">Typing text 'Uva' into text field 'id:nome'.</msg>
<arg>id:nome</arg>
<arg>${NOME_INGREDIENTE}</arg>
<doc>Types the given ``text`` into the text field identified by ``locator``.</doc>
<status status="PASS" start="2024-10-15T22:03:04.744698" elapsed="0.052237"/>
</kw>
<kw name="Sleep" owner="BuiltIn">
<msg time="2024-10-15T22:03:05.797663" level="INFO">Slept 1 second.</msg>
<arg>1s</arg>
<doc>Pauses the test executed for the given time.</doc>
<status status="PASS" start="2024-10-15T22:03:04.796935" elapsed="1.000728"/>
</kw>
<status status="PASS" start="2024-10-15T22:03:04.743693" elapsed="1.053970"/>
</kw>
<kw name="Inserir no campo data de validade &quot;31/01/2025&quot;" owner="resources_pitissaria">
<kw name="Input Text" owner="SeleniumLibrary">
<msg time="2024-10-15T22:03:05.797663" level="INFO">Typing text '31/01/2005' into text field 'id:data_validade'.</msg>
<arg>id:data_validade</arg>
<arg>${DATA_VALIDADE}</arg>
<doc>Types the given ``text`` into the text field identified by ``locator``.</doc>
<status status="PASS" start="2024-10-15T22:03:05.797663" elapsed="0.049001"/>
</kw>
<kw name="Sleep" owner="BuiltIn">
<msg time="2024-10-15T22:03:06.846823" level="INFO">Slept 1 second.</msg>
<arg>1s</arg>
<doc>Pauses the test executed for the given time.</doc>
<status status="PASS" start="2024-10-15T22:03:05.846664" elapsed="1.000159"/>
</kw>
<status status="PASS" start="2024-10-15T22:03:05.797663" elapsed="1.049160"/>
</kw>
<kw name="Inserir no campo data de entrada &quot;10/10/2024&quot;" owner="resources_pitissaria">
<kw name="Input Text" owner="SeleniumLibrary">
<msg time="2024-10-15T22:03:06.847826" level="INFO">Typing text '10/10/2024' into text field 'id:data_entrada'.</msg>
<arg>id:data_entrada</arg>
<arg>${DATA_ENTRADA}</arg>
<doc>Types the given ``text`` into the text field identified by ``locator``.</doc>
<status status="PASS" start="2024-10-15T22:03:06.847826" elapsed="0.050253"/>
</kw>
<kw name="Sleep" owner="BuiltIn">
<msg time="2024-10-15T22:03:07.898204" level="INFO">Slept 1 second.</msg>
<arg>1s</arg>
<doc>Pauses the test executed for the given time.</doc>
<status status="PASS" start="2024-10-15T22:03:06.898079" elapsed="1.000125"/>
</kw>
<status status="PASS" start="2024-10-15T22:03:06.846823" elapsed="1.051381"/>
</kw>
<kw name="Inserir no campo de quantidade em KG &quot;5&quot;" owner="resources_pitissaria">
<kw name="Input Text" owner="SeleniumLibrary">
<msg time="2024-10-15T22:03:07.898204" level="INFO">Typing text '5' into text field 'id:quantidade'.</msg>
<arg>id:quantidade</arg>
<arg>${QUANTIDADE_KG}</arg>
<doc>Types the given ``text`` into the text field identified by ``locator``.</doc>
<status status="PASS" start="2024-10-15T22:03:07.898204" elapsed="0.052000"/>
</kw>
<kw name="Sleep" owner="BuiltIn">
<msg time="2024-10-15T22:03:08.950740" level="INFO">Slept 1 second.</msg>
<arg>1s</arg>
<doc>Pauses the test executed for the given time.</doc>
<status status="PASS" start="2024-10-15T22:03:07.950204" elapsed="1.000536"/>
</kw>
<status status="PASS" start="2024-10-15T22:03:07.898204" elapsed="1.052536"/>
</kw>
<kw name="Realizar o cadastro de um novo ingrediente" owner="resources_pitissaria">
<kw name="Click Button" owner="SeleniumLibrary">
<msg time="2024-10-15T22:03:08.950740" level="INFO">Clicking button 'id:btn-enviar'.</msg>
<arg>id:btn-enviar</arg>
<doc>Clicks the button identified by ``locator``.</doc>
<status status="PASS" start="2024-10-15T22:03:08.950740" elapsed="0.043000"/>
</kw>
<kw name="Sleep" owner="BuiltIn">
<msg time="2024-10-15T22:03:10.994508" level="INFO">Slept 2 seconds.</msg>
<arg>2s</arg>
<doc>Pauses the test executed for the given time.</doc>
<status status="PASS" start="2024-10-15T22:03:08.993740" elapsed="2.000768"/>
</kw>
<kw name="Take Screenshot" owner="Screenshot">
<msg time="2024-10-15T22:03:11.059509" level="INFO" html="true">&lt;a href="screenshot_1.jpg"&gt;&lt;img src="screenshot_1.jpg" width="800px"&gt;&lt;/a&gt;</msg>
<doc>Takes a screenshot in JPEG format and embeds it into the log file.</doc>
<status status="PASS" start="2024-10-15T22:03:10.994508" elapsed="0.065001"/>
</kw>
<status status="PASS" start="2024-10-15T22:03:08.950740" elapsed="2.108769"/>
</kw>
<kw name="Fechar navegador" owner="resources_pitissaria" type="TEARDOWN">
<kw name="Close Browser" owner="SeleniumLibrary">
<doc>Closes the current browser.</doc>
<status status="PASS" start="2024-10-15T22:03:11.060509" elapsed="2.126200"/>
</kw>
<status status="PASS" start="2024-10-15T22:03:11.059509" elapsed="2.127200"/>
</kw>
<doc>Este teste verifica o cadastro de um ingrediente sem valor</doc>
<tag>site_cadastro_ingrediente</tag>
<status status="PASS" start="2024-10-15T22:02:55.363719" elapsed="17.822990"/>
</test>
<test id="s1-t2" name="Caso de teste 02 - Realizar cadastro de usuario sem cpf" line="23">
<kw name="Abrir o navegador" owner="resources_pitissaria" type="SETUP">
<kw name="Open Browser" owner="SeleniumLibrary">
<msg time="2024-10-15T22:03:13.187712" level="INFO">Opening browser 'chrome' to base url 'http://127.0.0.1/Pitissaria/paginas/'.</msg>
<arg>${URL}</arg>
<arg>${BROWSER}</arg>
<doc>Opens a new browser instance to the optional ``url``.</doc>
<status status="PASS" start="2024-10-15T22:03:13.187712" elapsed="1.767741"/>
</kw>
<kw name="Maximize Browser Window" owner="SeleniumLibrary">
<doc>Maximizes current browser window.</doc>
<status status="PASS" start="2024-10-15T22:03:14.955453" elapsed="0.035001"/>
</kw>
<status status="PASS" start="2024-10-15T22:03:13.187712" elapsed="1.802742"/>
</kw>
<kw name="Selecionar a opcao de cadastro" owner="resources_pitissaria">
<kw name="Sleep" owner="BuiltIn">
<msg time="2024-10-15T22:03:15.991814" level="INFO">Slept 1 second.</msg>
<arg>1s</arg>
<doc>Pauses the test executed for the given time.</doc>
<status status="PASS" start="2024-10-15T22:03:14.991455" elapsed="1.000359"/>
</kw>
<kw name="Click Element" owner="SeleniumLibrary">
<msg time="2024-10-15T22:03:15.991814" level="INFO">Clicking element 'xpath=//a[@href='cadastro.php']'.</msg>
<arg>xpath=//a[@href='cadastro.php']</arg>
<doc>Click the element identified by ``locator``.</doc>
<status status="PASS" start="2024-10-15T22:03:15.991814" elapsed="0.097000"/>
</kw>
<status status="PASS" start="2024-10-15T22:03:14.991455" elapsed="1.097359"/>
</kw>
<kw name="Inserir no campo nome o nome &quot;Adao&quot;" owner="resources_pitissaria">
<kw name="Sleep" owner="BuiltIn">
<msg time="2024-10-15T22:03:17.090811" level="INFO">Slept 1 second.</msg>
<arg>1s</arg>
<doc>Pauses the test executed for the given time.</doc>
<status status="PASS" start="2024-10-15T22:03:16.089815" elapsed="1.000996"/>
</kw>
<kw name="Input Text" owner="SeleniumLibrary">
<msg time="2024-10-15T22:03:17.090811" level="INFO">Typing text 'Adao' into text field 'name:nome'.</msg>
<arg>name:nome</arg>
<arg>${NOME}</arg>
<doc>Types the given ``text`` into the text field identified by ``locator``.</doc>
<status status="PASS" start="2024-10-15T22:03:17.090811" elapsed="0.063969"/>
</kw>
<status status="PASS" start="2024-10-15T22:03:16.088814" elapsed="1.065966"/>
</kw>
<kw name="Inserir no campo username o username &quot;Adao01&quot;" owner="resources_pitissaria">
<kw name="Sleep" owner="BuiltIn">
<msg time="2024-10-15T22:03:18.156805" level="INFO">Slept 1 second.</msg>
<arg>1s</arg>
<doc>Pauses the test executed for the given time.</doc>
<status status="PASS" start="2024-10-15T22:03:17.155778" elapsed="1.001027"/>
</kw>
<kw name="Input Text" owner="SeleniumLibrary">
<msg time="2024-10-15T22:03:18.156805" level="INFO">Typing text 'Adao01' into text field 'name:username'.</msg>
<arg>name:username</arg>
<arg>${USERNAME}</arg>
<doc>Types the given ``text`` into the text field identified by ``locator``.</doc>
<status status="PASS" start="2024-10-15T22:03:18.156805" elapsed="0.056814"/>
</kw>
<status status="PASS" start="2024-10-15T22:03:17.155778" elapsed="1.057841"/>
</kw>
<kw name="Inserir no campo email o email &quot;adao01@gmail.com&quot;" owner="resources_pitissaria">
<kw name="Sleep" owner="BuiltIn">
<msg time="2024-10-15T22:03:19.214773" level="INFO">Slept 1 second.</msg>
<arg>1s</arg>
<doc>Pauses the test executed for the given time.</doc>
<status status="PASS" start="2024-10-15T22:03:18.213619" elapsed="1.001154"/>
</kw>
<kw name="Input Text" owner="SeleniumLibrary">
<msg time="2024-10-15T22:03:19.214773" level="INFO">Typing text 'adao01@gmail.com' into text field 'name:email'.</msg>
<arg>name:email</arg>
<arg>${EMAIL}</arg>
<doc>Types the given ``text`` into the text field identified by ``locator``.</doc>
<status status="PASS" start="2024-10-15T22:03:19.214773" elapsed="0.056999"/>
</kw>
<status status="PASS" start="2024-10-15T22:03:18.213619" elapsed="1.059154"/>
</kw>
<kw name="Inserir no campo senha a senha &quot;Teste@123456&quot;" owner="resources_pitissaria">
<kw name="Sleep" owner="BuiltIn">
<msg time="2024-10-15T22:03:20.272834" level="INFO">Slept 1 second.</msg>
<arg>1s</arg>
<doc>Pauses the test executed for the given time.</doc>
<status status="PASS" start="2024-10-15T22:03:19.272773" elapsed="1.000061"/>
</kw>
<kw name="Input Password" owner="SeleniumLibrary">
<msg time="2024-10-15T22:03:20.272834" level="INFO">Typing password into text field 'name:senha'.</msg>
<msg time="2024-10-15T22:03:20.295833" level="INFO">Temporally setting log level to: NONE</msg>
<arg>name:senha</arg>
<arg>${PASSWORD}</arg>
<doc>Types the given password into the text field identified by ``locator``.</doc>
<status status="PASS" start="2024-10-15T22:03:20.272834" elapsed="0.059001"/>
</kw>
<status status="PASS" start="2024-10-15T22:03:19.272773" elapsed="1.059062"/>
</kw>
<kw name="Inserir no campo confirmar senha a senha &quot;Teste@123&quot;" owner="resources_pitissaria">
<kw name="Sleep" owner="BuiltIn">
<msg time="2024-10-15T22:03:21.333815" level="INFO">Slept 1 second.</msg>
<arg>1s</arg>
<doc>Pauses the test executed for the given time.</doc>
<status status="PASS" start="2024-10-15T22:03:20.332832" elapsed="1.000983"/>
</kw>
<kw name="Input Password" owner="SeleniumLibrary">
<msg time="2024-10-15T22:03:21.333815" level="INFO">Typing password into text field 'name:confirmar-senha'.</msg>
<msg time="2024-10-15T22:03:21.355814" level="INFO">Temporally setting log level to: NONE</msg>
<arg>name:confirmar-senha</arg>
<arg>${PASSWORD}</arg>
<doc>Types the given password into the text field identified by ``locator``.</doc>
<status status="PASS" start="2024-10-15T22:03:21.333815" elapsed="0.053998"/>
</kw>
<status status="PASS" start="2024-10-15T22:03:20.331835" elapsed="1.055978"/>
</kw>
<kw name="Inserir no campo data de nascimento a data &quot;13/03/2005&quot;" owner="resources_pitissaria">
<kw name="Sleep" owner="BuiltIn">
<msg time="2024-10-15T22:03:22.389342" level="INFO">Slept 1 second.</msg>
<arg>1s</arg>
<doc>Pauses the test executed for the given time.</doc>
<status status="PASS" start="2024-10-15T22:03:21.388813" elapsed="1.000529"/>
</kw>
<kw name="Input Text" owner="SeleniumLibrary">
<msg time="2024-10-15T22:03:22.389342" level="INFO">Typing text '13/03/2005' into text field 'name:data-nascimento'.</msg>
<arg>name:data-nascimento</arg>
<arg>${DATA_NASCIMENTO}</arg>
<doc>Types the given ``text`` into the text field identified by ``locator``.</doc>
<status status="PASS" start="2024-10-15T22:03:22.389342" elapsed="0.047159"/>
</kw>
<status status="PASS" start="2024-10-15T22:03:21.387813" elapsed="1.049688"/>
</kw>
<kw name="Inserir no campo celular o celular &quot;419955664344&quot;" owner="resources_pitissaria">
<kw name="Sleep" owner="BuiltIn">
<msg time="2024-10-15T22:03:23.437650" level="INFO">Slept 1 second.</msg>
<arg>1s</arg>
<doc>Pauses the test executed for the given time.</doc>
<status status="PASS" start="2024-10-15T22:03:22.437501" elapsed="1.000149"/>
</kw>
<kw name="Input Text" owner="SeleniumLibrary">
<msg time="2024-10-15T22:03:23.437650" level="INFO">Typing text '41995664344' into text field 'name:celular'.</msg>
<arg>name:celular</arg>
<arg>${TELEFONE}</arg>
<doc>Types the given ``text`` into the text field identified by ``locator``.</doc>
<status status="PASS" start="2024-10-15T22:03:23.437650" elapsed="0.055999"/>
</kw>
<status status="PASS" start="2024-10-15T22:03:22.437501" elapsed="1.056148"/>
</kw>
<kw name="Inserir no campo cep o cep 81940210" owner="resources_pitissaria">
<kw name="Sleep" owner="BuiltIn">
<msg time="2024-10-15T22:03:24.495491" level="INFO">Slept 1 second.</msg>
<arg>1s</arg>
<doc>Pauses the test executed for the given time.</doc>
<status status="PASS" start="2024-10-15T22:03:23.494649" elapsed="1.000842"/>
</kw>
<kw name="Input Text" owner="SeleniumLibrary">
<msg time="2024-10-15T22:03:24.495998" level="INFO">Typing text '81940210' into text field 'name:cep'.</msg>
<arg>name:cep</arg>
<arg>${CEP}</arg>
<doc>Types the given ``text`` into the text field identified by ``locator``.</doc>
<status status="PASS" start="2024-10-15T22:03:24.495491" elapsed="0.053001"/>
</kw>
<status status="PASS" start="2024-10-15T22:03:23.494649" elapsed="1.053843"/>
</kw>
<kw name="Inserir no campo numero casa o numero &quot;592, casa 30&quot;" owner="resources_pitissaria">
<kw name="Sleep" owner="BuiltIn">
<msg time="2024-10-15T22:03:27.550249" level="INFO">Slept 3 seconds.</msg>
<arg>3s</arg>
<doc>Pauses the test executed for the given time.</doc>
<status status="PASS" start="2024-10-15T22:03:24.549490" elapsed="3.000759"/>
</kw>
<kw name="Input Text" owner="SeleniumLibrary">
<msg time="2024-10-15T22:03:27.550249" level="INFO">Typing text '592, casa 30' into text field 'name:num-res'.</msg>
<arg>name:num-res</arg>
<arg>${NUMERO_CASA}</arg>
<doc>Types the given ``text`` into the text field identified by ``locator``.</doc>
<status status="PASS" start="2024-10-15T22:03:27.550249" elapsed="0.057579"/>
</kw>
<status status="PASS" start="2024-10-15T22:03:24.549490" elapsed="3.058338"/>
</kw>
<kw name="Realizar o cadastro de um novo usuario" owner="resources_pitissaria">
<kw name="Sleep" owner="BuiltIn">
<msg time="2024-10-15T22:03:28.608807" level="INFO">Slept 1 second.</msg>
<arg>1s</arg>
<doc>Pauses the test executed for the given time.</doc>
<status status="PASS" start="2024-10-15T22:03:27.607828" elapsed="1.000979"/>
</kw>
<kw name="Click Button" owner="SeleniumLibrary">
<msg time="2024-10-15T22:03:28.608807" level="INFO">Clicking button 'id:btn-enviar'.</msg>
<arg>id:btn-enviar</arg>
<doc>Clicks the button identified by ``locator``.</doc>
<status status="PASS" start="2024-10-15T22:03:28.608807" elapsed="0.045395"/>
</kw>
<kw name="Sleep" owner="BuiltIn">
<msg time="2024-10-15T22:03:29.656174" level="INFO">Slept 1 second.</msg>
<arg>1s</arg>
<doc>Pauses the test executed for the given time.</doc>
<status status="PASS" start="2024-10-15T22:03:28.654202" elapsed="1.001972"/>
</kw>
<kw name="Take Screenshot" owner="Screenshot">
<msg time="2024-10-15T22:03:29.691177" level="INFO" html="true">&lt;a href="screenshot_2.jpg"&gt;&lt;img src="screenshot_2.jpg" width="800px"&gt;&lt;/a&gt;</msg>
<doc>Takes a screenshot in JPEG format and embeds it into the log file.</doc>
<status status="PASS" start="2024-10-15T22:03:29.656174" elapsed="0.035003"/>
</kw>
<status status="PASS" start="2024-10-15T22:03:27.607828" elapsed="2.083349"/>
</kw>
<kw name="Fechar navegador" owner="resources_pitissaria" type="TEARDOWN">
<kw name="Close Browser" owner="SeleniumLibrary">
<doc>Closes the current browser.</doc>
<status status="PASS" start="2024-10-15T22:03:29.692174" elapsed="2.121564"/>
</kw>
<status status="PASS" start="2024-10-15T22:03:29.691177" elapsed="2.122561"/>
</kw>
<doc>Este verifica se é possivel realizar o cadastro sem um cpf</doc>
<tag>site_cadastro_usuario</tag>
<status status="PASS" start="2024-10-15T22:03:13.187712" elapsed="18.626026"/>
</test>
<doc>Cadastro de ingrediente</doc>
<status status="PASS" start="2024-10-15T22:02:55.168721" elapsed="36.646013"/>
</suite>
<statistics>
<total>
<stat pass="2" fail="0" skip="0">All Tests</stat>
</total>
<tag>
<stat pass="1" fail="0" skip="0">site_cadastro_ingrediente</stat>
<stat pass="1" fail="0" skip="0">site_cadastro_usuario</stat>
</tag>
<suite>
<stat pass="2" fail="0" skip="0" id="s1" name="Testes Pitissaria">Testes Pitissaria</stat>
</suite>
</statistics>
<errors>
</errors>
</robot>
