<?xml version="1.0" encoding="UTF-8"?>
<robot generator="Robot 7.1 (Python 3.11.9 on win32)" generated="2024-10-23T15:30:02.311389" rpa="false" schemaversion="5">
<suite id="s1" name="Testes Pitissaria" source="C:\Users\User\Desktop\Faculdade\TrabalhosFacul\Verificacao_E_Validacao\Arthur_Robots\testes_pitissaria.robot">
<test id="s1-t1" name="Caso de teste 01 - Realizar cadastro de ingrediente sem preco" line="8">
<kw name="Abrir o navegador" owner="resources_pitissaria" type="SETUP">
<kw name="Open Browser" owner="SeleniumLibrary">
<msg time="2024-10-23T15:30:02.512386" level="INFO">Opening browser 'chrome' to base url 'http://127.0.0.1/Pitissaria/paginas/'.</msg>
<arg>${URL}</arg>
<arg>${BROWSER}</arg>
<doc>Opens a new browser instance to the optional ``url``.</doc>
<status status="PASS" start="2024-10-23T15:30:02.512386" elapsed="2.032987"/>
</kw>
<kw name="Maximize Browser Window" owner="SeleniumLibrary">
<doc>Maximizes current browser window.</doc>
<status status="PASS" start="2024-10-23T15:30:04.545373" elapsed="0.021001"/>
</kw>
<status status="PASS" start="2024-10-23T15:30:02.511388" elapsed="2.054986"/>
</kw>
<kw name="Selecionar a opcao de login" owner="resources_pitissaria">
<kw name="Sleep" owner="BuiltIn">
<msg time="2024-10-23T15:30:05.567922" level="INFO">Slept 1 second.</msg>
<arg>1s</arg>
<doc>Pauses the test executed for the given time.</doc>
<status status="PASS" start="2024-10-23T15:30:04.567373" elapsed="1.000549"/>
</kw>
<kw name="Click Element" owner="SeleniumLibrary">
<msg time="2024-10-23T15:30:05.567922" level="INFO">Clicking element 'xpath=//a[@href='login.php']'.</msg>
<arg>xpath=//a[@href='login.php']</arg>
<doc>Click the element identified by ``locator``.</doc>
<status status="PASS" start="2024-10-23T15:30:05.567922" elapsed="0.110003"/>
</kw>
<status status="PASS" start="2024-10-23T15:30:04.566374" elapsed="1.111551"/>
</kw>
<kw name="Digitar no campo usuario &quot;gerente1&quot;" owner="resources_pitissaria">
<kw name="Input Text" owner="SeleniumLibrary">
<msg time="2024-10-23T15:30:05.678926" level="INFO">Typing text 'gerente1' into text field 'name:email-username'.</msg>
<arg>name:email-username</arg>
<arg>${USER}</arg>
<doc>Types the given ``text`` into the text field identified by ``locator``.</doc>
<status status="PASS" start="2024-10-23T15:30:05.678926" elapsed="0.069997"/>
</kw>
<kw name="Sleep" owner="BuiltIn">
<msg time="2024-10-23T15:30:06.749534" level="INFO">Slept 1 second.</msg>
<arg>1s</arg>
<doc>Pauses the test executed for the given time.</doc>
<status status="PASS" start="2024-10-23T15:30:05.748923" elapsed="1.000611"/>
</kw>
<status status="PASS" start="2024-10-23T15:30:05.677925" elapsed="1.071609"/>
</kw>
<kw name="Digitar no campo senha &quot;123&quot;" owner="resources_pitissaria">
<kw name="Input Password" owner="SeleniumLibrary">
<msg time="2024-10-23T15:30:06.750537" level="INFO">Typing password into text field 'name:senha'.</msg>
<msg time="2024-10-23T15:30:06.773534" level="INFO">Temporally setting log level to: NONE</msg>
<arg>name:senha</arg>
<arg>${PSSWD}</arg>
<doc>Types the given password into the text field identified by ``locator``.</doc>
<status status="PASS" start="2024-10-23T15:30:06.750537" elapsed="0.050998"/>
</kw>
<kw name="Click Button" owner="SeleniumLibrary">
<msg time="2024-10-23T15:30:06.802536" level="INFO">Clicking button 'id:btn-enviar'.</msg>
<arg>id:btn-enviar</arg>
<doc>Clicks the button identified by ``locator``.</doc>
<status status="PASS" start="2024-10-23T15:30:06.801535" elapsed="0.150002"/>
</kw>
<kw name="Sleep" owner="BuiltIn">
<msg time="2024-10-23T15:30:08.951878" level="INFO">Slept 2 seconds.</msg>
<arg>2s</arg>
<doc>Pauses the test executed for the given time.</doc>
<status status="PASS" start="2024-10-23T15:30:06.951537" elapsed="2.000341"/>
</kw>
<status status="PASS" start="2024-10-23T15:30:06.749534" elapsed="2.202344"/>
</kw>
<kw name="Acessar a area de ingredientes" owner="resources_pitissaria">
<kw name="Click Element" owner="SeleniumLibrary">
<msg time="2024-10-23T15:30:08.952884" level="INFO">Clicking element 'xpath=//a[@href="../php/lista_ingredientes.php"]'.</msg>
<arg>xpath=//a[@href="../php/lista_ingredientes.php"]</arg>
<doc>Click the element identified by ``locator``.</doc>
<status status="PASS" start="2024-10-23T15:30:08.951878" elapsed="0.145007"/>
</kw>
<kw name="Sleep" owner="BuiltIn">
<msg time="2024-10-23T15:30:10.097499" level="INFO">Slept 1 second.</msg>
<arg>1s</arg>
<doc>Pauses the test executed for the given time.</doc>
<status status="PASS" start="2024-10-23T15:30:09.096885" elapsed="1.000614"/>
</kw>
<status status="PASS" start="2024-10-23T15:30:08.951878" elapsed="1.145621"/>
</kw>
<kw name="Acessar a area de cadastro de novos ingredientes" owner="resources_pitissaria">
<kw name="Click Element" owner="SeleniumLibrary">
<msg time="2024-10-23T15:30:10.098500" level="INFO">Clicking element 'xpath=//a[@href="../paginas/cadastro_ingredientes.php"]'.</msg>
<arg>xpath=//a[@href="../paginas/cadastro_ingredientes.php"]</arg>
<doc>Click the element identified by ``locator``.</doc>
<status status="PASS" start="2024-10-23T15:30:10.097499" elapsed="0.052003"/>
</kw>
<kw name="Sleep" owner="BuiltIn">
<msg time="2024-10-23T15:30:11.149828" level="INFO">Slept 1 second.</msg>
<arg>1s</arg>
<doc>Pauses the test executed for the given time.</doc>
<status status="PASS" start="2024-10-23T15:30:10.149502" elapsed="1.000326"/>
</kw>
<status status="PASS" start="2024-10-23T15:30:10.097499" elapsed="1.052329"/>
</kw>
<kw name="Confirmar no modal que deseja cadastrar um novo ingrediente" owner="resources_pitissaria">
<kw name="Click Element" owner="SeleniumLibrary">
<msg time="2024-10-23T15:30:11.149828" level="INFO">Clicking element 'xpath=//button[@class='swal2-confirm swal2-styled swal2-default-outline']'.</msg>
<arg>xpath=//button[@class='swal2-confirm swal2-styled swal2-default-outline']</arg>
<doc>Click the element identified by ``locator``.</doc>
<status status="PASS" start="2024-10-23T15:30:11.149828" elapsed="0.102001"/>
</kw>
<kw name="Sleep" owner="BuiltIn">
<msg time="2024-10-23T15:30:12.252367" level="INFO">Slept 1 second.</msg>
<arg>1s</arg>
<doc>Pauses the test executed for the given time.</doc>
<status status="PASS" start="2024-10-23T15:30:11.251829" elapsed="1.000538"/>
</kw>
<status status="PASS" start="2024-10-23T15:30:11.149828" elapsed="1.102539"/>
</kw>
<kw name="Inserir no campo nome o nome &quot;Uva&quot;" owner="resources_pitissaria">
<kw name="Input Text" owner="SeleniumLibrary">
<msg time="2024-10-23T15:30:12.253367" level="INFO">Typing text 'Uva' into text field 'id:nome'.</msg>
<arg>id:nome</arg>
<arg>${NOME_INGREDIENTE}</arg>
<doc>Types the given ``text`` into the text field identified by ``locator``.</doc>
<status status="PASS" start="2024-10-23T15:30:12.252367" elapsed="0.050003"/>
</kw>
<kw name="Sleep" owner="BuiltIn">
<msg time="2024-10-23T15:30:13.303332" level="INFO">Slept 1 second.</msg>
<arg>1s</arg>
<doc>Pauses the test executed for the given time.</doc>
<status status="PASS" start="2024-10-23T15:30:12.302370" elapsed="1.000962"/>
</kw>
<status status="PASS" start="2024-10-23T15:30:12.252367" elapsed="1.050965"/>
</kw>
<kw name="Inserir no campo data de validade &quot;31/01/2025&quot;" owner="resources_pitissaria">
<kw name="Input Text" owner="SeleniumLibrary">
<msg time="2024-10-23T15:30:13.303332" level="INFO">Typing text '31/01/2005' into text field 'id:data_validade'.</msg>
<arg>id:data_validade</arg>
<arg>${DATA_VALIDADE}</arg>
<doc>Types the given ``text`` into the text field identified by ``locator``.</doc>
<status status="PASS" start="2024-10-23T15:30:13.303332" elapsed="0.050002"/>
</kw>
<kw name="Sleep" owner="BuiltIn">
<msg time="2024-10-23T15:30:14.354814" level="INFO">Slept 1 second.</msg>
<arg>1s</arg>
<doc>Pauses the test executed for the given time.</doc>
<status status="PASS" start="2024-10-23T15:30:13.354334" elapsed="1.000480"/>
</kw>
<status status="PASS" start="2024-10-23T15:30:13.303332" elapsed="1.051482"/>
</kw>
<kw name="Inserir no campo data de entrada &quot;10/10/2024&quot;" owner="resources_pitissaria">
<kw name="Input Text" owner="SeleniumLibrary">
<msg time="2024-10-23T15:30:14.355814" level="INFO">Typing text '10/10/2024' into text field 'id:data_entrada'.</msg>
<arg>id:data_entrada</arg>
<arg>${DATA_ENTRADA}</arg>
<doc>Types the given ``text`` into the text field identified by ``locator``.</doc>
<status status="PASS" start="2024-10-23T15:30:14.355814" elapsed="0.047001"/>
</kw>
<kw name="Sleep" owner="BuiltIn">
<msg time="2024-10-23T15:30:15.403979" level="INFO">Slept 1 second.</msg>
<arg>1s</arg>
<doc>Pauses the test executed for the given time.</doc>
<status status="PASS" start="2024-10-23T15:30:14.403814" elapsed="1.000165"/>
</kw>
<status status="PASS" start="2024-10-23T15:30:14.354814" elapsed="1.049165"/>
</kw>
<kw name="Inserir no campo de quantidade em KG &quot;5&quot;" owner="resources_pitissaria">
<kw name="Input Text" owner="SeleniumLibrary">
<msg time="2024-10-23T15:30:15.403979" level="INFO">Typing text '5' into text field 'id:quantidade'.</msg>
<arg>id:quantidade</arg>
<arg>${QUANTIDADE_KG}</arg>
<doc>Types the given ``text`` into the text field identified by ``locator``.</doc>
<status status="PASS" start="2024-10-23T15:30:15.403979" elapsed="0.048442"/>
</kw>
<kw name="Sleep" owner="BuiltIn">
<msg time="2024-10-23T15:30:16.452848" level="INFO">Slept 1 second.</msg>
<arg>1s</arg>
<doc>Pauses the test executed for the given time.</doc>
<status status="PASS" start="2024-10-23T15:30:15.452421" elapsed="1.000427"/>
</kw>
<status status="PASS" start="2024-10-23T15:30:15.403979" elapsed="1.048869"/>
</kw>
<kw name="Realizar o cadastro de um novo ingrediente" owner="resources_pitissaria">
<kw name="Click Button" owner="SeleniumLibrary">
<msg time="2024-10-23T15:30:16.453856" level="INFO">Clicking button 'id:btn-enviar'.</msg>
<arg>id:btn-enviar</arg>
<doc>Clicks the button identified by ``locator``.</doc>
<status status="PASS" start="2024-10-23T15:30:16.452848" elapsed="0.039009"/>
</kw>
<kw name="Sleep" owner="BuiltIn">
<msg time="2024-10-23T15:30:18.491942" level="INFO">Slept 2 seconds.</msg>
<arg>2s</arg>
<doc>Pauses the test executed for the given time.</doc>
<status status="PASS" start="2024-10-23T15:30:16.491857" elapsed="2.000085"/>
</kw>
<status status="PASS" start="2024-10-23T15:30:16.452848" elapsed="2.039419"/>
</kw>
<kw name="Capturar tela quando preco vazio" owner="resources_pitissaria">
<kw name="Get Value" owner="SeleniumLibrary">
<msg time="2024-10-23T15:30:18.534942" level="INFO">${valor_campo} = </msg>
<var>${valor_campo}</var>
<arg>${PRECO}</arg>
<doc>Returns the value attribute of the element identified by ``locator``.</doc>
<status status="PASS" start="2024-10-23T15:30:18.492943" elapsed="0.042999"/>
</kw>
<kw name="Log" owner="BuiltIn">
<msg time="2024-10-23T15:30:18.535942" level="INFO">Valor do campo VALOR: </msg>
<arg>Valor do campo VALOR: ${valor_campo}</arg>
<doc>Logs the given message with the given level.</doc>
<status status="PASS" start="2024-10-23T15:30:18.535942" elapsed="0.000000"/>
</kw>
<kw name="Run Keyword If" owner="BuiltIn">
<kw name="Capture Page Screenshot" owner="SeleniumLibrary">
<msg time="2024-10-23T15:30:18.659945" level="INFO" html="true">&lt;/td&gt;&lt;/tr&gt;&lt;tr&gt;&lt;td colspan="3"&gt;&lt;a href="preco_vazio.png"&gt;&lt;img src="preco_vazio.png" width="800px"&gt;&lt;/a&gt;</msg>
<arg>preco_vazio.png</arg>
<doc>Takes a screenshot of the current page and embeds it into a log file.</doc>
<status status="PASS" start="2024-10-23T15:30:18.535942" elapsed="0.124003"/>
</kw>
<arg>'${valor_campo}' == ''</arg>
<arg>Capture Page Screenshot</arg>
<arg>preco_vazio.png</arg>
<doc>Runs the given keyword with the given arguments, if ``condition`` is true.</doc>
<status status="PASS" start="2024-10-23T15:30:18.535942" elapsed="0.124003"/>
</kw>
<kw name="Run Keyword If" owner="BuiltIn">
<kw name="Log" owner="BuiltIn">
<msg time="2024-10-23T15:30:18.659945" level="INFO">O campo VALOR não foi preenchido!</msg>
<arg>O campo VALOR não foi preenchido!</arg>
<doc>Logs the given message with the given level.</doc>
<status status="PASS" start="2024-10-23T15:30:18.659945" elapsed="0.000000"/>
</kw>
<arg>'${valor_campo}' == ''</arg>
<arg>Log</arg>
<arg>O campo VALOR não foi preenchido!</arg>
<doc>Runs the given keyword with the given arguments, if ``condition`` is true.</doc>
<status status="PASS" start="2024-10-23T15:30:18.659945" elapsed="0.000000"/>
</kw>
<arg>preco</arg>
<status status="PASS" start="2024-10-23T15:30:18.492267" elapsed="0.167678"/>
</kw>
<kw name="Fechar navegador" owner="resources_pitissaria" type="TEARDOWN">
<kw name="Close Browser" owner="SeleniumLibrary">
<doc>Closes the current browser.</doc>
<status status="PASS" start="2024-10-23T15:30:18.660944" elapsed="2.104441"/>
</kw>
<status status="PASS" start="2024-10-23T15:30:18.660944" elapsed="2.104441"/>
</kw>
<doc>Este teste verifica o cadastro de um ingrediente sem valor</doc>
<tag>site_cadastro_ingrediente</tag>
<status status="PASS" start="2024-10-23T15:30:02.510388" elapsed="18.254997"/>
</test>
<test id="s1-t2" name="Caso de teste 02 - Realizar cadastro de usuario sem cpf" line="24">
<kw name="Abrir o navegador" owner="resources_pitissaria" type="SETUP">
<kw name="Open Browser" owner="SeleniumLibrary">
<msg time="2024-10-23T15:30:20.767386" level="INFO">Opening browser 'chrome' to base url 'http://127.0.0.1/Pitissaria/paginas/'.</msg>
<arg>${URL}</arg>
<arg>${BROWSER}</arg>
<doc>Opens a new browser instance to the optional ``url``.</doc>
<status status="PASS" start="2024-10-23T15:30:20.766385" elapsed="1.878007"/>
</kw>
<kw name="Maximize Browser Window" owner="SeleniumLibrary">
<doc>Maximizes current browser window.</doc>
<status status="PASS" start="2024-10-23T15:30:22.645394" elapsed="0.027999"/>
</kw>
<status status="PASS" start="2024-10-23T15:30:20.766385" elapsed="1.907008"/>
</kw>
<kw name="Selecionar a opcao de cadastro" owner="resources_pitissaria">
<kw name="Sleep" owner="BuiltIn">
<msg time="2024-10-23T15:30:23.674648" level="INFO">Slept 1 second.</msg>
<arg>1s</arg>
<doc>Pauses the test executed for the given time.</doc>
<status status="PASS" start="2024-10-23T15:30:22.674393" elapsed="1.000255"/>
</kw>
<kw name="Click Element" owner="SeleniumLibrary">
<msg time="2024-10-23T15:30:23.674648" level="INFO">Clicking element 'xpath=//a[@href='cadastro.php']'.</msg>
<arg>xpath=//a[@href='cadastro.php']</arg>
<doc>Click the element identified by ``locator``.</doc>
<status status="PASS" start="2024-10-23T15:30:23.674648" elapsed="0.108002"/>
</kw>
<status status="PASS" start="2024-10-23T15:30:22.674393" elapsed="1.108257"/>
</kw>
<kw name="Inserir no campo nome o nome &quot;Adao&quot;" owner="resources_pitissaria">
<kw name="Sleep" owner="BuiltIn">
<msg time="2024-10-23T15:30:24.783518" level="INFO">Slept 1 second.</msg>
<arg>1s</arg>
<doc>Pauses the test executed for the given time.</doc>
<status status="PASS" start="2024-10-23T15:30:23.782650" elapsed="1.000868"/>
</kw>
<kw name="Input Text" owner="SeleniumLibrary">
<msg time="2024-10-23T15:30:24.783518" level="INFO">Typing text 'Adao' into text field 'name:nome'.</msg>
<arg>name:nome</arg>
<arg>${NOME}</arg>
<doc>Types the given ``text`` into the text field identified by ``locator``.</doc>
<status status="PASS" start="2024-10-23T15:30:24.783518" elapsed="0.065001"/>
</kw>
<status status="PASS" start="2024-10-23T15:30:23.782650" elapsed="1.065869"/>
</kw>
<kw name="Inserir no campo username o username &quot;Adao01&quot;" owner="resources_pitissaria">
<kw name="Sleep" owner="BuiltIn">
<msg time="2024-10-23T15:30:25.850379" level="INFO">Slept 1 second.</msg>
<arg>1s</arg>
<doc>Pauses the test executed for the given time.</doc>
<status status="PASS" start="2024-10-23T15:30:24.848519" elapsed="1.001860"/>
</kw>
<kw name="Input Text" owner="SeleniumLibrary">
<msg time="2024-10-23T15:30:25.850379" level="INFO">Typing text 'Adao01' into text field 'name:username'.</msg>
<arg>name:username</arg>
<arg>${USERNAME}</arg>
<doc>Types the given ``text`` into the text field identified by ``locator``.</doc>
<status status="PASS" start="2024-10-23T15:30:25.850379" elapsed="0.060000"/>
</kw>
<status status="PASS" start="2024-10-23T15:30:24.848519" elapsed="1.061860"/>
</kw>
<kw name="Inserir no campo email o email &quot;adao01@gmail.com&quot;" owner="resources_pitissaria">
<kw name="Sleep" owner="BuiltIn">
<msg time="2024-10-23T15:30:26.911691" level="INFO">Slept 1 second.</msg>
<arg>1s</arg>
<doc>Pauses the test executed for the given time.</doc>
<status status="PASS" start="2024-10-23T15:30:25.911381" elapsed="1.000310"/>
</kw>
<kw name="Input Text" owner="SeleniumLibrary">
<msg time="2024-10-23T15:30:26.911691" level="INFO">Typing text 'adao01@gmail.com' into text field 'name:email'.</msg>
<arg>name:email</arg>
<arg>${EMAIL}</arg>
<doc>Types the given ``text`` into the text field identified by ``locator``.</doc>
<status status="PASS" start="2024-10-23T15:30:26.911691" elapsed="0.061001"/>
</kw>
<status status="PASS" start="2024-10-23T15:30:25.910379" elapsed="1.062313"/>
</kw>
<kw name="Inserir no campo senha a senha &quot;Teste@123456&quot;" owner="resources_pitissaria">
<kw name="Sleep" owner="BuiltIn">
<msg time="2024-10-23T15:30:27.974427" level="INFO">Slept 1 second.</msg>
<arg>1s</arg>
<doc>Pauses the test executed for the given time.</doc>
<status status="PASS" start="2024-10-23T15:30:26.973692" elapsed="1.000735"/>
</kw>
<kw name="Input Password" owner="SeleniumLibrary">
<msg time="2024-10-23T15:30:27.974427" level="INFO">Typing password into text field 'name:senha'.</msg>
<msg time="2024-10-23T15:30:27.996428" level="INFO">Temporally setting log level to: NONE</msg>
<arg>name:senha</arg>
<arg>${PASSWORD}</arg>
<doc>Types the given password into the text field identified by ``locator``.</doc>
<status status="PASS" start="2024-10-23T15:30:27.974427" elapsed="0.056998"/>
</kw>
<status status="PASS" start="2024-10-23T15:30:26.972692" elapsed="1.058733"/>
</kw>
<kw name="Inserir no campo confirmar senha a senha &quot;Teste@123&quot;" owner="resources_pitissaria">
<kw name="Sleep" owner="BuiltIn">
<msg time="2024-10-23T15:30:29.033297" level="INFO">Slept 1 second.</msg>
<arg>1s</arg>
<doc>Pauses the test executed for the given time.</doc>
<status status="PASS" start="2024-10-23T15:30:28.032425" elapsed="1.000872"/>
</kw>
<kw name="Input Password" owner="SeleniumLibrary">
<msg time="2024-10-23T15:30:29.033297" level="INFO">Typing password into text field 'name:confirmar-senha'.</msg>
<msg time="2024-10-23T15:30:29.055297" level="INFO">Temporally setting log level to: NONE</msg>
<arg>name:confirmar-senha</arg>
<arg>${PASSWORD}</arg>
<doc>Types the given password into the text field identified by ``locator``.</doc>
<status status="PASS" start="2024-10-23T15:30:29.033297" elapsed="0.056000"/>
</kw>
<status status="PASS" start="2024-10-23T15:30:28.032425" elapsed="1.056872"/>
</kw>
<kw name="Inserir no campo data de nascimento a data &quot;13/03/2005&quot;" owner="resources_pitissaria">
<kw name="Sleep" owner="BuiltIn">
<msg time="2024-10-23T15:30:30.090114" level="INFO">Slept 1 second.</msg>
<arg>1s</arg>
<doc>Pauses the test executed for the given time.</doc>
<status status="PASS" start="2024-10-23T15:30:29.089297" elapsed="1.000817"/>
</kw>
<kw name="Input Text" owner="SeleniumLibrary">
<msg time="2024-10-23T15:30:30.090114" level="INFO">Typing text '13/03/2005' into text field 'name:data-nascimento'.</msg>
<arg>name:data-nascimento</arg>
<arg>${DATA_NASCIMENTO}</arg>
<doc>Types the given ``text`` into the text field identified by ``locator``.</doc>
<status status="PASS" start="2024-10-23T15:30:30.090114" elapsed="0.048005"/>
</kw>
<status status="PASS" start="2024-10-23T15:30:29.089297" elapsed="1.049820"/>
</kw>
<kw name="Inserir no campo celular o celular &quot;419955664344&quot;" owner="resources_pitissaria">
<kw name="Sleep" owner="BuiltIn">
<msg time="2024-10-23T15:30:31.139395" level="INFO">Slept 1 second.</msg>
<arg>1s</arg>
<doc>Pauses the test executed for the given time.</doc>
<status status="PASS" start="2024-10-23T15:30:30.139117" elapsed="1.000278"/>
</kw>
<kw name="Input Text" owner="SeleniumLibrary">
<msg time="2024-10-23T15:30:31.139395" level="INFO">Typing text '41995664344' into text field 'name:celular'.</msg>
<arg>name:celular</arg>
<arg>${TELEFONE}</arg>
<doc>Types the given ``text`` into the text field identified by ``locator``.</doc>
<status status="PASS" start="2024-10-23T15:30:31.139395" elapsed="0.056203"/>
</kw>
<status status="PASS" start="2024-10-23T15:30:30.139117" elapsed="1.056481"/>
</kw>
<kw name="Inserir no campo cep o cep 81940210" owner="resources_pitissaria">
<kw name="Sleep" owner="BuiltIn">
<msg time="2024-10-23T15:30:32.196636" level="INFO">Slept 1 second.</msg>
<arg>1s</arg>
<doc>Pauses the test executed for the given time.</doc>
<status status="PASS" start="2024-10-23T15:30:31.196596" elapsed="1.000040"/>
</kw>
<kw name="Input Text" owner="SeleniumLibrary">
<msg time="2024-10-23T15:30:32.196636" level="INFO">Typing text '81940210' into text field 'name:cep'.</msg>
<arg>name:cep</arg>
<arg>${CEP}</arg>
<doc>Types the given ``text`` into the text field identified by ``locator``.</doc>
<status status="PASS" start="2024-10-23T15:30:32.196636" elapsed="0.054008"/>
</kw>
<status status="PASS" start="2024-10-23T15:30:31.196596" elapsed="1.054048"/>
</kw>
<kw name="Inserir no campo numero casa o numero &quot;Casa 30&quot;" owner="resources_pitissaria">
<kw name="Sleep" owner="BuiltIn">
<msg time="2024-10-23T15:30:35.252072" level="INFO">Slept 3 seconds.</msg>
<arg>3s</arg>
<doc>Pauses the test executed for the given time.</doc>
<status status="PASS" start="2024-10-23T15:30:32.250644" elapsed="3.001428"/>
</kw>
<kw name="Input Text" owner="SeleniumLibrary">
<msg time="2024-10-23T15:30:35.252072" level="INFO">Typing text '592,Casa 30' into text field 'name:num-res'.</msg>
<arg>name:num-res</arg>
<arg>${NUMERO_CASA}</arg>
<doc>Types the given ``text`` into the text field identified by ``locator``.</doc>
<status status="PASS" start="2024-10-23T15:30:35.252072" elapsed="0.055001"/>
</kw>
<status status="PASS" start="2024-10-23T15:30:32.250644" elapsed="3.057428"/>
</kw>
<kw name="Realizar o cadastro de um novo usuario" owner="resources_pitissaria">
<kw name="Sleep" owner="BuiltIn">
<msg time="2024-10-23T15:30:36.308942" level="INFO">Slept 1 second.</msg>
<arg>1s</arg>
<doc>Pauses the test executed for the given time.</doc>
<status status="PASS" start="2024-10-23T15:30:35.308072" elapsed="1.000870"/>
</kw>
<kw name="Click Button" owner="SeleniumLibrary">
<msg time="2024-10-23T15:30:36.308942" level="INFO">Clicking button 'id:btn-enviar'.</msg>
<arg>id:btn-enviar</arg>
<doc>Clicks the button identified by ``locator``.</doc>
<status status="PASS" start="2024-10-23T15:30:36.308942" elapsed="0.047001"/>
</kw>
<kw name="Sleep" owner="BuiltIn">
<msg time="2024-10-23T15:30:37.356381" level="INFO">Slept 1 second.</msg>
<arg>1s</arg>
<doc>Pauses the test executed for the given time.</doc>
<status status="PASS" start="2024-10-23T15:30:36.355943" elapsed="1.000438"/>
</kw>
<status status="PASS" start="2024-10-23T15:30:35.308072" elapsed="2.048309"/>
</kw>
<kw name="Verificar se o campo cpf foi preenchido" owner="resources_pitissaria">
<kw name="Get Value" owner="SeleniumLibrary">
<msg time="2024-10-23T15:30:37.371383" level="INFO">${valor_campo} = </msg>
<var>${valor_campo}</var>
<arg>${CPF}</arg>
<doc>Returns the value attribute of the element identified by ``locator``.</doc>
<status status="PASS" start="2024-10-23T15:30:37.356381" elapsed="0.015002"/>
</kw>
<kw name="Log" owner="BuiltIn">
<msg time="2024-10-23T15:30:37.371383" level="INFO">Valor do campo CPF: </msg>
<arg>Valor do campo CPF: ${valor_campo}</arg>
<doc>Logs the given message with the given level.</doc>
<status status="PASS" start="2024-10-23T15:30:37.371383" elapsed="0.000000"/>
</kw>
<kw name="Run Keyword If" owner="BuiltIn">
<kw name="Capture Page Screenshot" owner="SeleniumLibrary">
<msg time="2024-10-23T15:30:37.484356" level="INFO" html="true">&lt;/td&gt;&lt;/tr&gt;&lt;tr&gt;&lt;td colspan="3"&gt;&lt;a href="campo_cpf_vazio.png"&gt;&lt;img src="campo_cpf_vazio.png" width="800px"&gt;&lt;/a&gt;</msg>
<arg>campo_cpf_vazio.png</arg>
<doc>Takes a screenshot of the current page and embeds it into a log file.</doc>
<status status="PASS" start="2024-10-23T15:30:37.371383" elapsed="0.112973"/>
</kw>
<arg>'${valor_campo}' == ''</arg>
<arg>Capture Page Screenshot</arg>
<arg>campo_cpf_vazio.png</arg>
<doc>Runs the given keyword with the given arguments, if ``condition`` is true.</doc>
<status status="PASS" start="2024-10-23T15:30:37.371383" elapsed="0.112973"/>
</kw>
<kw name="Run Keyword If" owner="BuiltIn">
<kw name="Log" owner="BuiltIn">
<msg time="2024-10-23T15:30:37.485357" level="INFO">O campo CPF não foi preenchido!</msg>
<arg>O campo CPF não foi preenchido!</arg>
<doc>Logs the given message with the given level.</doc>
<status status="PASS" start="2024-10-23T15:30:37.485357" elapsed="0.000000"/>
</kw>
<arg>'${valor_campo}' == ''</arg>
<arg>Log</arg>
<arg>O campo CPF não foi preenchido!</arg>
<doc>Runs the given keyword with the given arguments, if ``condition`` is true.</doc>
<status status="PASS" start="2024-10-23T15:30:37.484356" elapsed="0.001001"/>
</kw>
<arg>cpf</arg>
<status status="PASS" start="2024-10-23T15:30:37.356381" elapsed="0.128976"/>
</kw>
<kw name="Fechar navegador" owner="resources_pitissaria" type="TEARDOWN">
<kw name="Close Browser" owner="SeleniumLibrary">
<doc>Closes the current browser.</doc>
<status status="PASS" start="2024-10-23T15:30:37.486356" elapsed="2.121656"/>
</kw>
<status status="PASS" start="2024-10-23T15:30:37.485357" elapsed="2.122655"/>
</kw>
<doc>Este verifica se é possivel realizar o cadastro sem um cpf</doc>
<tag>site_cadastro_usuario</tag>
<status status="PASS" start="2024-10-23T15:30:20.766385" elapsed="18.841627"/>
</test>
<test id="s1-t3" name="Caso de teste 03 - Inserir senha errada do usuario" line="42">
<kw name="Abrir o navegador" owner="resources_pitissaria" type="SETUP">
<kw name="Open Browser" owner="SeleniumLibrary">
<msg time="2024-10-23T15:30:39.609015" level="INFO">Opening browser 'chrome' to base url 'http://127.0.0.1/Pitissaria/paginas/'.</msg>
<arg>${URL}</arg>
<arg>${BROWSER}</arg>
<doc>Opens a new browser instance to the optional ``url``.</doc>
<status status="PASS" start="2024-10-23T15:30:39.609015" elapsed="1.760948"/>
</kw>
<kw name="Maximize Browser Window" owner="SeleniumLibrary">
<doc>Maximizes current browser window.</doc>
<status status="PASS" start="2024-10-23T15:30:41.369963" elapsed="0.029999"/>
</kw>
<status status="PASS" start="2024-10-23T15:30:39.609015" elapsed="1.791944"/>
</kw>
<kw name="Selecionar a opcao de login" owner="resources_pitissaria">
<kw name="Sleep" owner="BuiltIn">
<msg time="2024-10-23T15:30:42.401376" level="INFO">Slept 1 second.</msg>
<arg>1s</arg>
<doc>Pauses the test executed for the given time.</doc>
<status status="PASS" start="2024-10-23T15:30:41.400959" elapsed="1.000417"/>
</kw>
<kw name="Click Element" owner="SeleniumLibrary">
<msg time="2024-10-23T15:30:42.401376" level="INFO">Clicking element 'xpath=//a[@href='login.php']'.</msg>
<arg>xpath=//a[@href='login.php']</arg>
<doc>Click the element identified by ``locator``.</doc>
<status status="PASS" start="2024-10-23T15:30:42.401376" elapsed="0.097999"/>
</kw>
<status status="PASS" start="2024-10-23T15:30:41.400959" elapsed="1.098416"/>
</kw>
<kw name="Digitar no campo usuario &quot;gerente1&quot;" owner="resources_pitissaria">
<kw name="Input Text" owner="SeleniumLibrary">
<msg time="2024-10-23T15:30:42.500375" level="INFO">Typing text 'gerente1' into text field 'name:email-username'.</msg>
<arg>name:email-username</arg>
<arg>${USER}</arg>
<doc>Types the given ``text`` into the text field identified by ``locator``.</doc>
<status status="PASS" start="2024-10-23T15:30:42.499375" elapsed="0.070998"/>
</kw>
<kw name="Sleep" owner="BuiltIn">
<msg time="2024-10-23T15:30:43.570973" level="INFO">Slept 1 second.</msg>
<arg>1s</arg>
<doc>Pauses the test executed for the given time.</doc>
<status status="PASS" start="2024-10-23T15:30:42.570373" elapsed="1.000600"/>
</kw>
<status status="PASS" start="2024-10-23T15:30:42.499375" elapsed="1.071598"/>
</kw>
<kw name="Digitar no campo senha &quot;gerente123&quot;" owner="resources_pitissaria">
<kw name="Input Password" owner="SeleniumLibrary">
<msg time="2024-10-23T15:30:43.571973" level="INFO">Typing password into text field 'name:senha'.</msg>
<msg time="2024-10-23T15:30:43.596973" level="INFO">Temporally setting log level to: NONE</msg>
<arg>name:senha</arg>
<arg>${PSSWD_ERRADA}</arg>
<doc>Types the given password into the text field identified by ``locator``.</doc>
<status status="PASS" start="2024-10-23T15:30:43.570973" elapsed="0.059000"/>
</kw>
<kw name="Click Button" owner="SeleniumLibrary">
<msg time="2024-10-23T15:30:43.630973" level="INFO">Clicking button 'id:btn-enviar'.</msg>
<arg>id:btn-enviar</arg>
<doc>Clicks the button identified by ``locator``.</doc>
<status status="PASS" start="2024-10-23T15:30:43.629973" elapsed="0.047000"/>
</kw>
<kw name="Sleep" owner="BuiltIn">
<msg time="2024-10-23T15:30:45.678437" level="INFO">Slept 2 seconds.</msg>
<arg>2s</arg>
<doc>Pauses the test executed for the given time.</doc>
<status status="PASS" start="2024-10-23T15:30:43.677973" elapsed="2.000464"/>
</kw>
<status status="PASS" start="2024-10-23T15:30:43.570973" elapsed="2.107464"/>
</kw>
<kw name="Capturar tela quando senha estar errada" owner="resources_pitissaria">
<kw name="Get Value" owner="SeleniumLibrary">
<msg time="2024-10-23T15:30:45.688444" level="INFO">${valor_campo} = </msg>
<var>${valor_campo}</var>
<arg>${CAMPO_SENHA}</arg>
<doc>Returns the value attribute of the element identified by ``locator``.</doc>
<status status="PASS" start="2024-10-23T15:30:45.678437" elapsed="0.010007"/>
</kw>
<kw name="Run Keyword If" owner="BuiltIn">
<kw name="Capture Page Screenshot" owner="SeleniumLibrary">
<msg time="2024-10-23T15:30:45.771447" level="INFO" html="true">&lt;/td&gt;&lt;/tr&gt;&lt;tr&gt;&lt;td colspan="3"&gt;&lt;a href="campo_senha_incorreta.png"&gt;&lt;img src="campo_senha_incorreta.png" width="800px"&gt;&lt;/a&gt;</msg>
<arg>campo_senha_incorreta.png</arg>
<doc>Takes a screenshot of the current page and embeds it into a log file.</doc>
<status status="PASS" start="2024-10-23T15:30:45.688444" elapsed="0.083003"/>
</kw>
<arg>'${valor_campo}' == ''</arg>
<arg>Capture Page Screenshot</arg>
<arg>campo_senha_incorreta.png</arg>
<doc>Runs the given keyword with the given arguments, if ``condition`` is true.</doc>
<status status="PASS" start="2024-10-23T15:30:45.688444" elapsed="0.083003"/>
</kw>
<kw name="Run Keyword If" owner="BuiltIn">
<kw name="Log" owner="BuiltIn">
<msg time="2024-10-23T15:30:45.772446" level="INFO">Senha incorreta</msg>
<arg>Senha incorreta</arg>
<doc>Logs the given message with the given level.</doc>
<status status="PASS" start="2024-10-23T15:30:45.772446" elapsed="0.000000"/>
</kw>
<arg>'${valor_campo}' == ''</arg>
<arg>Log</arg>
<arg>Senha incorreta</arg>
<doc>Runs the given keyword with the given arguments, if ``condition`` is true.</doc>
<status status="PASS" start="2024-10-23T15:30:45.772446" elapsed="0.000000"/>
</kw>
<arg>senha</arg>
<status status="PASS" start="2024-10-23T15:30:45.678437" elapsed="0.094009"/>
</kw>
<kw name="Fechar navegador" owner="resources_pitissaria" type="TEARDOWN">
<kw name="Close Browser" owner="SeleniumLibrary">
<doc>Closes the current browser.</doc>
<status status="PASS" start="2024-10-23T15:30:45.773442" elapsed="2.107886"/>
</kw>
<status status="PASS" start="2024-10-23T15:30:45.772446" elapsed="2.108882"/>
</kw>
<doc>Este verifica se existe algum tipo de validação com relação a senha</doc>
<tag>site_login_com_senha_errada</tag>
<status status="PASS" start="2024-10-23T15:30:39.609015" elapsed="8.272313"/>
</test>
<test id="s1-t4" name="Caso de teste 04 - Encontrar Pizzas Disponiveis" line="52">
<kw name="Abrir o navegador" owner="resources_pitissaria" type="SETUP">
<kw name="Open Browser" owner="SeleniumLibrary">
<msg time="2024-10-23T15:30:47.882329" level="INFO">Opening browser 'chrome' to base url 'http://127.0.0.1/Pitissaria/paginas/'.</msg>
<arg>${URL}</arg>
<arg>${BROWSER}</arg>
<doc>Opens a new browser instance to the optional ``url``.</doc>
<status status="PASS" start="2024-10-23T15:30:47.882329" elapsed="1.808841"/>
</kw>
<kw name="Maximize Browser Window" owner="SeleniumLibrary">
<doc>Maximizes current browser window.</doc>
<status status="PASS" start="2024-10-23T15:30:49.692169" elapsed="0.021003"/>
</kw>
<status status="PASS" start="2024-10-23T15:30:47.882329" elapsed="1.830843"/>
</kw>
<kw name="Selecionar a opcao de login" owner="resources_pitissaria">
<kw name="Sleep" owner="BuiltIn">
<msg time="2024-10-23T15:30:50.714491" level="INFO">Slept 1 second.</msg>
<arg>1s</arg>
<doc>Pauses the test executed for the given time.</doc>
<status status="PASS" start="2024-10-23T15:30:49.714169" elapsed="1.000322"/>
</kw>
<kw name="Click Element" owner="SeleniumLibrary">
<msg time="2024-10-23T15:30:50.714491" level="INFO">Clicking element 'xpath=//a[@href='login.php']'.</msg>
<arg>xpath=//a[@href='login.php']</arg>
<doc>Click the element identified by ``locator``.</doc>
<status status="PASS" start="2024-10-23T15:30:50.714491" elapsed="0.094002"/>
</kw>
<status status="PASS" start="2024-10-23T15:30:49.714169" elapsed="1.094324"/>
</kw>
<kw name="Digitar no campo usuario &quot;gerente1&quot;" owner="resources_pitissaria">
<kw name="Input Text" owner="SeleniumLibrary">
<msg time="2024-10-23T15:30:50.809495" level="INFO">Typing text 'gerente1' into text field 'name:email-username'.</msg>
<arg>name:email-username</arg>
<arg>${USER}</arg>
<doc>Types the given ``text`` into the text field identified by ``locator``.</doc>
<status status="PASS" start="2024-10-23T15:30:50.809495" elapsed="0.069999"/>
</kw>
<kw name="Sleep" owner="BuiltIn">
<msg time="2024-10-23T15:30:51.879567" level="INFO">Slept 1 second.</msg>
<arg>1s</arg>
<doc>Pauses the test executed for the given time.</doc>
<status status="PASS" start="2024-10-23T15:30:50.879494" elapsed="1.000073"/>
</kw>
<status status="PASS" start="2024-10-23T15:30:50.809495" elapsed="1.070072"/>
</kw>
<kw name="Digitar no campo senha &quot;123&quot;" owner="resources_pitissaria">
<kw name="Input Password" owner="SeleniumLibrary">
<msg time="2024-10-23T15:30:51.880568" level="INFO">Typing password into text field 'name:senha'.</msg>
<msg time="2024-10-23T15:30:51.906567" level="INFO">Temporally setting log level to: NONE</msg>
<arg>name:senha</arg>
<arg>${PSSWD}</arg>
<doc>Types the given password into the text field identified by ``locator``.</doc>
<status status="PASS" start="2024-10-23T15:30:51.879567" elapsed="0.056000"/>
</kw>
<kw name="Click Button" owner="SeleniumLibrary">
<msg time="2024-10-23T15:30:51.936567" level="INFO">Clicking button 'id:btn-enviar'.</msg>
<arg>id:btn-enviar</arg>
<doc>Clicks the button identified by ``locator``.</doc>
<status status="PASS" start="2024-10-23T15:30:51.935567" elapsed="0.093002"/>
</kw>
<kw name="Sleep" owner="BuiltIn">
<msg time="2024-10-23T15:30:54.029378" level="INFO">Slept 2 seconds.</msg>
<arg>2s</arg>
<doc>Pauses the test executed for the given time.</doc>
<status status="PASS" start="2024-10-23T15:30:52.028569" elapsed="2.000809"/>
</kw>
<status status="PASS" start="2024-10-23T15:30:51.879567" elapsed="2.149811"/>
</kw>
<kw name="Selecionar a opção de cardapio" owner="resources_pitissaria">
<kw name="Click Link" owner="SeleniumLibrary">
<msg time="2024-10-23T15:30:54.030380" level="INFO">Clicking link 'xpath=//a[@href="../paginas/pizzas_prontas.php"]'.</msg>
<arg>xpath=//a[@href="../paginas/pizzas_prontas.php"]</arg>
<doc>Clicks a link identified by ``locator``.</doc>
<status status="PASS" start="2024-10-23T15:30:54.030380" elapsed="0.507236"/>
</kw>
<status status="PASS" start="2024-10-23T15:30:54.029378" elapsed="0.508238"/>
</kw>
<kw name="Verificar se foi possivel visualizar as pizzas disponiveis" owner="resources_pitissaria">
<kw name="Get Title" owner="SeleniumLibrary">
<msg time="2024-10-23T15:30:54.725479" level="INFO">${TITULO_PAGINA} = Document</msg>
<var>${TITULO_PAGINA}</var>
<doc>Returns the title of the current page.</doc>
<status status="PASS" start="2024-10-23T15:30:54.538615" elapsed="0.186864"/>
</kw>
<kw name="Log" owner="BuiltIn">
<msg time="2024-10-23T15:30:54.725479" level="INFO">O título da página não corresponde: Document vs Document</msg>
<arg>O título da página não corresponde: ${TITULO_PAGINA} vs ${TITULO_PIZZAS}</arg>
<doc>Logs the given message with the given level.</doc>
<status status="PASS" start="2024-10-23T15:30:54.725479" elapsed="0.000000"/>
</kw>
<kw name="Run Keyword If" owner="BuiltIn">
<kw name="Capture Page Screenshot" owner="SeleniumLibrary">
<msg time="2024-10-23T15:30:54.963982" level="INFO" html="true">&lt;/td&gt;&lt;/tr&gt;&lt;tr&gt;&lt;td colspan="3"&gt;&lt;a href="pagina_disponivel.png"&gt;&lt;img src="pagina_disponivel.png" width="800px"&gt;&lt;/a&gt;</msg>
<arg>pagina_disponivel.png</arg>
<doc>Takes a screenshot of the current page and embeds it into a log file.</doc>
<status status="PASS" start="2024-10-23T15:30:54.725479" elapsed="0.238503"/>
</kw>
<arg>'${TITULO_PAGINA}' == '${TITULO_PIZZAS}'</arg>
<arg>Capture Page Screenshot</arg>
<arg>pagina_disponivel.png</arg>
<doc>Runs the given keyword with the given arguments, if ``condition`` is true.</doc>
<status status="PASS" start="2024-10-23T15:30:54.725479" elapsed="0.238503"/>
</kw>
<arg>Document</arg>
<status status="PASS" start="2024-10-23T15:30:54.538615" elapsed="0.425367"/>
</kw>
<kw name="Fechar navegador" owner="resources_pitissaria" type="TEARDOWN">
<kw name="Close Browser" owner="SeleniumLibrary">
<doc>Closes the current browser.</doc>
<status status="PASS" start="2024-10-23T15:30:54.964983" elapsed="2.116097"/>
</kw>
<status status="PASS" start="2024-10-23T15:30:54.964983" elapsed="2.116097"/>
</kw>
<doc>Este verifica se é possivel encontar os sites de pizzas Disponiveis</doc>
<tag>site_encontrar_pizza_disponiveis</tag>
<status status="PASS" start="2024-10-23T15:30:47.882329" elapsed="9.198751"/>
</test>
<test id="s1-t5" name="Caso de teste 05 - Cadastrar um Pizzaiolo com campos faltantes" line="61">
<kw name="Abrir o navegador" owner="resources_pitissaria" type="SETUP">
<kw name="Open Browser" owner="SeleniumLibrary">
<msg time="2024-10-23T15:30:57.083081" level="INFO">Opening browser 'chrome' to base url 'http://127.0.0.1/Pitissaria/paginas/'.</msg>
<arg>${URL}</arg>
<arg>${BROWSER}</arg>
<doc>Opens a new browser instance to the optional ``url``.</doc>
<status status="PASS" start="2024-10-23T15:30:57.083081" elapsed="1.725298"/>
</kw>
<kw name="Maximize Browser Window" owner="SeleniumLibrary">
<doc>Maximizes current browser window.</doc>
<status status="PASS" start="2024-10-23T15:30:58.809380" elapsed="0.022999"/>
</kw>
<status status="PASS" start="2024-10-23T15:30:57.082082" elapsed="1.751296"/>
</kw>
<kw name="Selecionar a opcao de login" owner="resources_pitissaria">
<kw name="Sleep" owner="BuiltIn">
<msg time="2024-10-23T15:30:59.834112" level="INFO">Slept 1 second.</msg>
<arg>1s</arg>
<doc>Pauses the test executed for the given time.</doc>
<status status="PASS" start="2024-10-23T15:30:58.833378" elapsed="1.000734"/>
</kw>
<kw name="Click Element" owner="SeleniumLibrary">
<msg time="2024-10-23T15:30:59.834112" level="INFO">Clicking element 'xpath=//a[@href='login.php']'.</msg>
<arg>xpath=//a[@href='login.php']</arg>
<doc>Click the element identified by ``locator``.</doc>
<status status="PASS" start="2024-10-23T15:30:59.834112" elapsed="0.093004"/>
</kw>
<status status="PASS" start="2024-10-23T15:30:58.833378" elapsed="1.094734"/>
</kw>
<kw name="Digitar no campo usuario &quot;gerente1&quot;" owner="resources_pitissaria">
<kw name="Input Text" owner="SeleniumLibrary">
<msg time="2024-10-23T15:30:59.928112" level="INFO">Typing text 'gerente1' into text field 'name:email-username'.</msg>
<arg>name:email-username</arg>
<arg>${USER}</arg>
<doc>Types the given ``text`` into the text field identified by ``locator``.</doc>
<status status="PASS" start="2024-10-23T15:30:59.928112" elapsed="0.073091"/>
</kw>
<kw name="Sleep" owner="BuiltIn">
<msg time="2024-10-23T15:31:01.001241" level="INFO">Slept 1 second.</msg>
<arg>1s</arg>
<doc>Pauses the test executed for the given time.</doc>
<status status="PASS" start="2024-10-23T15:31:00.001203" elapsed="1.000038"/>
</kw>
<status status="PASS" start="2024-10-23T15:30:59.928112" elapsed="1.073129"/>
</kw>
<kw name="Digitar no campo senha &quot;123&quot;" owner="resources_pitissaria">
<kw name="Input Password" owner="SeleniumLibrary">
<msg time="2024-10-23T15:31:01.002246" level="INFO">Typing password into text field 'name:senha'.</msg>
<msg time="2024-10-23T15:31:01.027247" level="INFO">Temporally setting log level to: NONE</msg>
<arg>name:senha</arg>
<arg>${PSSWD}</arg>
<doc>Types the given password into the text field identified by ``locator``.</doc>
<status status="PASS" start="2024-10-23T15:31:01.001241" elapsed="0.055007"/>
</kw>
<kw name="Click Button" owner="SeleniumLibrary">
<msg time="2024-10-23T15:31:01.056248" level="INFO">Clicking button 'id:btn-enviar'.</msg>
<arg>id:btn-enviar</arg>
<doc>Clicks the button identified by ``locator``.</doc>
<status status="PASS" start="2024-10-23T15:31:01.056248" elapsed="0.048000"/>
</kw>
<kw name="Sleep" owner="BuiltIn">
<msg time="2024-10-23T15:31:03.105431" level="INFO">Slept 2 seconds.</msg>
<arg>2s</arg>
<doc>Pauses the test executed for the given time.</doc>
<status status="PASS" start="2024-10-23T15:31:01.104248" elapsed="2.001183"/>
</kw>
<status status="PASS" start="2024-10-23T15:31:01.001241" elapsed="2.104190"/>
</kw>
<kw name="Acessar a area do pizzaiolo" owner="resources_pitissaria">
<kw name="Click Link" owner="SeleniumLibrary">
<msg time="2024-10-23T15:31:03.106431" level="INFO">Clicking link 'xpath=//a[@href="../php/listagem.php"]'.</msg>
<arg>xpath=//a[@href="../php/listagem.php"]</arg>
<doc>Clicks a link identified by ``locator``.</doc>
<status status="PASS" start="2024-10-23T15:31:03.105431" elapsed="0.105002"/>
</kw>
<status status="PASS" start="2024-10-23T15:31:03.105431" elapsed="0.105002"/>
</kw>
<kw name="Selecionar a opcao de adicionar novo pizzaiolo" owner="resources_pitissaria">
<kw name="Click Link" owner="SeleniumLibrary">
<msg time="2024-10-23T15:31:03.211431" level="INFO">Clicking link 'xpath=//a[@href="cadastro.php"]'.</msg>
<arg>xpath=//a[@href="cadastro.php"]</arg>
<doc>Clicks a link identified by ``locator``.</doc>
<status status="PASS" start="2024-10-23T15:31:03.211431" elapsed="0.101004"/>
</kw>
<status status="PASS" start="2024-10-23T15:31:03.210433" elapsed="0.102002"/>
</kw>
<kw name="Inserir no campo nome o nome &quot;Adao&quot;" owner="resources_pitissaria">
<kw name="Sleep" owner="BuiltIn">
<msg time="2024-10-23T15:31:04.315028" level="INFO">Slept 1 second.</msg>
<arg>1s</arg>
<doc>Pauses the test executed for the given time.</doc>
<status status="PASS" start="2024-10-23T15:31:03.313432" elapsed="1.001596"/>
</kw>
<kw name="Input Text" owner="SeleniumLibrary">
<msg time="2024-10-23T15:31:04.315028" level="INFO">Typing text 'Adao' into text field 'name:nome'.</msg>
<arg>name:nome</arg>
<arg>${NOME}</arg>
<doc>Types the given ``text`` into the text field identified by ``locator``.</doc>
<status status="PASS" start="2024-10-23T15:31:04.315028" elapsed="0.051998"/>
</kw>
<status status="PASS" start="2024-10-23T15:31:03.313432" elapsed="1.053594"/>
</kw>
<kw name="Inserir no campo username o username &quot;Adao01&quot;" owner="resources_pitissaria">
<kw name="Sleep" owner="BuiltIn">
<msg time="2024-10-23T15:31:05.368391" level="INFO">Slept 1 second.</msg>
<arg>1s</arg>
<doc>Pauses the test executed for the given time.</doc>
<status status="PASS" start="2024-10-23T15:31:04.368026" elapsed="1.000365"/>
</kw>
<kw name="Input Text" owner="SeleniumLibrary">
<msg time="2024-10-23T15:31:05.368391" level="INFO">Typing text 'Adao01' into text field 'name:username'.</msg>
<arg>name:username</arg>
<arg>${USERNAME}</arg>
<doc>Types the given ``text`` into the text field identified by ``locator``.</doc>
<status status="PASS" start="2024-10-23T15:31:05.368391" elapsed="0.054004"/>
</kw>
<status status="PASS" start="2024-10-23T15:31:04.368026" elapsed="1.054369"/>
</kw>
<kw name="Inserir no campo email o email &quot;adao01@gmail.com&quot;" owner="resources_pitissaria">
<kw name="Sleep" owner="BuiltIn">
<msg time="2024-10-23T15:31:06.423503" level="INFO">Slept 1 second.</msg>
<arg>1s</arg>
<doc>Pauses the test executed for the given time.</doc>
<status status="PASS" start="2024-10-23T15:31:05.423392" elapsed="1.000111"/>
</kw>
<kw name="Input Text" owner="SeleniumLibrary">
<msg time="2024-10-23T15:31:06.423503" level="INFO">Typing text 'adao01@gmail.com' into text field 'name:email'.</msg>
<arg>name:email</arg>
<arg>${EMAIL}</arg>
<doc>Types the given ``text`` into the text field identified by ``locator``.</doc>
<status status="PASS" start="2024-10-23T15:31:06.423503" elapsed="0.059000"/>
</kw>
<status status="PASS" start="2024-10-23T15:31:05.422395" elapsed="1.060108"/>
</kw>
<kw name="Inserir no campo senha a senha &quot;Teste@123456&quot;" owner="resources_pitissaria">
<kw name="Sleep" owner="BuiltIn">
<msg time="2024-10-23T15:31:07.484378" level="INFO">Slept 1 second.</msg>
<arg>1s</arg>
<doc>Pauses the test executed for the given time.</doc>
<status status="PASS" start="2024-10-23T15:31:06.483503" elapsed="1.000875"/>
</kw>
<kw name="Input Password" owner="SeleniumLibrary">
<msg time="2024-10-23T15:31:07.484378" level="INFO">Typing password into text field 'name:senha'.</msg>
<msg time="2024-10-23T15:31:07.503375" level="INFO">Temporally setting log level to: NONE</msg>
<arg>name:senha</arg>
<arg>${PASSWORD}</arg>
<doc>Types the given password into the text field identified by ``locator``.</doc>
<status status="PASS" start="2024-10-23T15:31:07.484378" elapsed="0.053998"/>
</kw>
<status status="PASS" start="2024-10-23T15:31:06.482503" elapsed="1.055873"/>
</kw>
<kw name="Inserir no campo a data de nascimento &quot;13/03/2005&quot;" owner="resources_pitissaria">
<kw name="Input Text" owner="SeleniumLibrary">
<msg time="2024-10-23T15:31:07.539376" level="INFO">Typing text '13/03/2005' into text field 'name:data_nascimento'.</msg>
<arg>name:data_nascimento</arg>
<arg>${DATA_NASCIMENTO}</arg>
<doc>Types the given ``text`` into the text field identified by ``locator``.</doc>
<status status="PASS" start="2024-10-23T15:31:07.538376" elapsed="0.051000"/>
</kw>
<status status="PASS" start="2024-10-23T15:31:07.538376" elapsed="0.051000"/>
</kw>
<kw name="Inserir no campo celular o celular &quot;419955664344&quot;" owner="resources_pitissaria">
<kw name="Sleep" owner="BuiltIn">
<msg time="2024-10-23T15:31:08.590366" level="INFO">Slept 1 second.</msg>
<arg>1s</arg>
<doc>Pauses the test executed for the given time.</doc>
<status status="PASS" start="2024-10-23T15:31:07.589376" elapsed="1.000990"/>
</kw>
<kw name="Input Text" owner="SeleniumLibrary">
<msg time="2024-10-23T15:31:08.590366" level="INFO">Typing text '41995664344' into text field 'name:celular'.</msg>
<arg>name:celular</arg>
<arg>${TELEFONE}</arg>
<doc>Types the given ``text`` into the text field identified by ``locator``.</doc>
<status status="PASS" start="2024-10-23T15:31:08.590366" elapsed="0.059001"/>
</kw>
<status status="PASS" start="2024-10-23T15:31:07.589376" elapsed="1.059991"/>
</kw>
<kw name="Inserir no campo cep o cep 81940210" owner="resources_pitissaria">
<kw name="Sleep" owner="BuiltIn">
<msg time="2024-10-23T15:31:09.651378" level="INFO">Slept 1 second.</msg>
<arg>1s</arg>
<doc>Pauses the test executed for the given time.</doc>
<status status="PASS" start="2024-10-23T15:31:08.650369" elapsed="1.001009"/>
</kw>
<kw name="Input Text" owner="SeleniumLibrary">
<msg time="2024-10-23T15:31:09.651378" level="INFO">Typing text '81940210' into text field 'name:cep'.</msg>
<arg>name:cep</arg>
<arg>${CEP}</arg>
<doc>Types the given ``text`` into the text field identified by ``locator``.</doc>
<status status="PASS" start="2024-10-23T15:31:09.651378" elapsed="0.059999"/>
</kw>
<status status="PASS" start="2024-10-23T15:31:08.650369" elapsed="1.061008"/>
</kw>
<kw name="Inserir no campo num_res o numero &quot;592&quot;" owner="resources_pitissaria">
<kw name="Input Text" owner="SeleniumLibrary">
<msg time="2024-10-23T15:31:09.711377" level="INFO">Typing text '592,Casa 30' into text field 'id:num_res'.</msg>
<arg>id:num_res</arg>
<arg>${NUMERO_CASA}</arg>
<doc>Types the given ``text`` into the text field identified by ``locator``.</doc>
<status status="PASS" start="2024-10-23T15:31:09.711377" elapsed="0.061002"/>
</kw>
<status status="PASS" start="2024-10-23T15:31:09.711377" elapsed="0.061002"/>
</kw>
<kw name="Realizar o cadastro do pizzaiolo" owner="resources_pitissaria">
<kw name="Click Button" owner="SeleniumLibrary">
<msg time="2024-10-23T15:31:09.773379" level="INFO">Clicking button 'id:btn-enviar'.</msg>
<arg>id:btn-enviar</arg>
<doc>Clicks the button identified by ``locator``.</doc>
<status status="PASS" start="2024-10-23T15:31:09.773379" elapsed="0.043001"/>
</kw>
<status status="PASS" start="2024-10-23T15:31:09.773379" elapsed="0.043001"/>
</kw>
<kw name="Verificar o campo cpf foi devidamente preenchido" owner="resources_pitissaria">
<kw name="Get Value" owner="SeleniumLibrary">
<msg time="2024-10-23T15:31:09.831380" level="INFO">${valor_campo} = </msg>
<var>${valor_campo}</var>
<arg>${CPF}</arg>
<doc>Returns the value attribute of the element identified by ``locator``.</doc>
<status status="PASS" start="2024-10-23T15:31:09.816380" elapsed="0.015000"/>
</kw>
<kw name="Log" owner="BuiltIn">
<msg time="2024-10-23T15:31:09.832379" level="INFO">Valor do campo CPF: </msg>
<arg>Valor do campo CPF: ${valor_campo}</arg>
<doc>Logs the given message with the given level.</doc>
<status status="PASS" start="2024-10-23T15:31:09.832379" elapsed="0.000000"/>
</kw>
<kw name="Run Keyword If" owner="BuiltIn">
<kw name="Capture Page Screenshot" owner="SeleniumLibrary">
<msg time="2024-10-23T15:31:10.076378" level="INFO" html="true">&lt;/td&gt;&lt;/tr&gt;&lt;tr&gt;&lt;td colspan="3"&gt;&lt;a href="campo_cpf_vazio_pizzaiolo.png"&gt;&lt;img src="campo_cpf_vazio_pizzaiolo.png" width="800px"&gt;&lt;/a&gt;</msg>
<arg>campo_cpf_vazio_pizzaiolo.png</arg>
<doc>Takes a screenshot of the current page and embeds it into a log file.</doc>
<status status="PASS" start="2024-10-23T15:31:09.832379" elapsed="0.243999"/>
</kw>
<arg>'${valor_campo}' == ''</arg>
<arg>Capture Page Screenshot</arg>
<arg>campo_cpf_vazio_pizzaiolo.png</arg>
<doc>Runs the given keyword with the given arguments, if ``condition`` is true.</doc>
<status status="PASS" start="2024-10-23T15:31:09.832379" elapsed="0.243999"/>
</kw>
<kw name="Run Keyword If" owner="BuiltIn">
<kw name="Log" owner="BuiltIn">
<msg time="2024-10-23T15:31:10.077380" level="INFO">O campo CPF não foi preenchido!</msg>
<arg>O campo CPF não foi preenchido!</arg>
<doc>Logs the given message with the given level.</doc>
<status status="PASS" start="2024-10-23T15:31:10.077380" elapsed="0.000000"/>
</kw>
<arg>'${valor_campo}' == ''</arg>
<arg>Log</arg>
<arg>O campo CPF não foi preenchido!</arg>
<doc>Runs the given keyword with the given arguments, if ``condition`` is true.</doc>
<status status="PASS" start="2024-10-23T15:31:10.076378" elapsed="0.001002"/>
</kw>
<arg>cpf</arg>
<status status="PASS" start="2024-10-23T15:31:09.816380" elapsed="0.261000"/>
</kw>
<kw name="Fechar navegador" owner="resources_pitissaria" type="TEARDOWN">
<kw name="Close Browser" owner="SeleniumLibrary">
<doc>Closes the current browser.</doc>
<status status="PASS" start="2024-10-23T15:31:10.078379" elapsed="2.103094"/>
</kw>
<status status="PASS" start="2024-10-23T15:31:10.077380" elapsed="2.104093"/>
</kw>
<doc>Este testa se é possivel cadastrar um pizzaiolo com um campo em branco</doc>
<tag>site_cadastro_pizzaiolo_campo_faltante</tag>
<status status="PASS" start="2024-10-23T15:30:57.082082" elapsed="15.099391"/>
</test>
<test id="s1-t6" name="Caso de teste 06 - Realizar a exclusao de Ingrediente na tabela ingredientes" line="81">
<kw name="Abrir o navegador" owner="resources_pitissaria" type="SETUP">
<kw name="Open Browser" owner="SeleniumLibrary">
<msg time="2024-10-23T15:31:12.183475" level="INFO">Opening browser 'chrome' to base url 'http://127.0.0.1/Pitissaria/paginas/'.</msg>
<arg>${URL}</arg>
<arg>${BROWSER}</arg>
<doc>Opens a new browser instance to the optional ``url``.</doc>
<status status="PASS" start="2024-10-23T15:31:12.183475" elapsed="1.741464"/>
</kw>
<kw name="Maximize Browser Window" owner="SeleniumLibrary">
<doc>Maximizes current browser window.</doc>
<status status="PASS" start="2024-10-23T15:31:13.925940" elapsed="0.025998"/>
</kw>
<status status="PASS" start="2024-10-23T15:31:12.182475" elapsed="1.769463"/>
</kw>
<kw name="Selecionar a opcao de login" owner="resources_pitissaria">
<kw name="Sleep" owner="BuiltIn">
<msg time="2024-10-23T15:31:14.954377" level="INFO">Slept 1 second.</msg>
<arg>1s</arg>
<doc>Pauses the test executed for the given time.</doc>
<status status="PASS" start="2024-10-23T15:31:13.951938" elapsed="1.002439"/>
</kw>
<kw name="Click Element" owner="SeleniumLibrary">
<msg time="2024-10-23T15:31:14.954377" level="INFO">Clicking element 'xpath=//a[@href='login.php']'.</msg>
<arg>xpath=//a[@href='login.php']</arg>
<doc>Click the element identified by ``locator``.</doc>
<status status="PASS" start="2024-10-23T15:31:14.954377" elapsed="0.091003"/>
</kw>
<status status="PASS" start="2024-10-23T15:31:13.951938" elapsed="1.093442"/>
</kw>
<kw name="Digitar no campo usuario &quot;gerente1&quot;" owner="resources_pitissaria">
<kw name="Input Text" owner="SeleniumLibrary">
<msg time="2024-10-23T15:31:15.046381" level="INFO">Typing text 'gerente1' into text field 'name:email-username'.</msg>
<arg>name:email-username</arg>
<arg>${USER}</arg>
<doc>Types the given ``text`` into the text field identified by ``locator``.</doc>
<status status="PASS" start="2024-10-23T15:31:15.045380" elapsed="0.072001"/>
</kw>
<kw name="Sleep" owner="BuiltIn">
<msg time="2024-10-23T15:31:16.118285" level="INFO">Slept 1 second.</msg>
<arg>1s</arg>
<doc>Pauses the test executed for the given time.</doc>
<status status="PASS" start="2024-10-23T15:31:15.117381" elapsed="1.000904"/>
</kw>
<status status="PASS" start="2024-10-23T15:31:15.045380" elapsed="1.072905"/>
</kw>
<kw name="Digitar no campo senha &quot;123&quot;" owner="resources_pitissaria">
<kw name="Input Password" owner="SeleniumLibrary">
<msg time="2024-10-23T15:31:16.119285" level="INFO">Typing password into text field 'name:senha'.</msg>
<msg time="2024-10-23T15:31:16.144294" level="INFO">Temporally setting log level to: NONE</msg>
<arg>name:senha</arg>
<arg>${PSSWD}</arg>
<doc>Types the given password into the text field identified by ``locator``.</doc>
<status status="PASS" start="2024-10-23T15:31:16.118285" elapsed="0.054002"/>
</kw>
<kw name="Click Button" owner="SeleniumLibrary">
<msg time="2024-10-23T15:31:16.172287" level="INFO">Clicking button 'id:btn-enviar'.</msg>
<arg>id:btn-enviar</arg>
<doc>Clicks the button identified by ``locator``.</doc>
<status status="PASS" start="2024-10-23T15:31:16.172287" elapsed="0.067000"/>
</kw>
<kw name="Sleep" owner="BuiltIn">
<msg time="2024-10-23T15:31:18.240086" level="INFO">Slept 2 seconds.</msg>
<arg>2s</arg>
<doc>Pauses the test executed for the given time.</doc>
<status status="PASS" start="2024-10-23T15:31:16.239287" elapsed="2.000799"/>
</kw>
<status status="PASS" start="2024-10-23T15:31:16.118285" elapsed="2.121801"/>
</kw>
<kw name="Acessar a area de ingredientes" owner="resources_pitissaria">
<kw name="Click Element" owner="SeleniumLibrary">
<msg time="2024-10-23T15:31:18.241086" level="INFO">Clicking element 'xpath=//a[@href="../php/lista_ingredientes.php"]'.</msg>
<arg>xpath=//a[@href="../php/lista_ingredientes.php"]</arg>
<doc>Click the element identified by ``locator``.</doc>
<status status="PASS" start="2024-10-23T15:31:18.240086" elapsed="0.080247"/>
</kw>
<kw name="Sleep" owner="BuiltIn">
<msg time="2024-10-23T15:31:19.320781" level="INFO">Slept 1 second.</msg>
<arg>1s</arg>
<doc>Pauses the test executed for the given time.</doc>
<status status="PASS" start="2024-10-23T15:31:18.320333" elapsed="1.000448"/>
</kw>
<status status="PASS" start="2024-10-23T15:31:18.240086" elapsed="1.080695"/>
</kw>
<kw name="Excluir o primeiro ingrediente da tabela" owner="resources_pitissaria">
<kw name="Click Link" owner="SeleniumLibrary">
<msg time="2024-10-23T15:31:19.321781" level="INFO">Clicking link 'xpath=(//a[contains(@href, 'delet_ingredientes_php.php?id=')])[1]'.</msg>
<arg>xpath=(//a[contains(@href, 'delet_ingredientes_php.php?id=')])[1]</arg>
<doc>Clicks a link identified by ``locator``.</doc>
<status status="PASS" start="2024-10-23T15:31:19.320781" elapsed="0.045001"/>
</kw>
<kw name="Sleep" owner="BuiltIn">
<msg time="2024-10-23T15:31:20.365922" level="INFO">Slept 1 second.</msg>
<arg>1s</arg>
<doc>Pauses the test executed for the given time.</doc>
<status status="PASS" start="2024-10-23T15:31:19.365782" elapsed="1.000140"/>
</kw>
<status status="PASS" start="2024-10-23T15:31:19.320781" elapsed="1.045141"/>
</kw>
<kw name="Confirmar exclusão no modal" owner="resources_pitissaria">
<kw name="Click Element" owner="SeleniumLibrary">
<msg time="2024-10-23T15:31:20.366922" level="INFO">Clicking element 'xpath=//button[text() = 'Sim, excluir!']'.</msg>
<arg>xpath=//button[text() = 'Sim, excluir!']</arg>
<doc>Click the element identified by ``locator``.</doc>
<status status="PASS" start="2024-10-23T15:31:20.365922" elapsed="0.113000"/>
</kw>
<kw name="Sleep" owner="BuiltIn">
<msg time="2024-10-23T15:31:21.480378" level="INFO">Slept 1 second.</msg>
<arg>1s</arg>
<doc>Pauses the test executed for the given time.</doc>
<status status="PASS" start="2024-10-23T15:31:20.478922" elapsed="1.001456"/>
</kw>
<kw name="Take Screenshot" owner="Screenshot">
<msg time="2024-10-23T15:31:21.612927" level="INFO" html="true">&lt;a href="ingrediente_excluido.png_1.jpg"&gt;&lt;img src="ingrediente_excluido.png_1.jpg" width="800px"&gt;&lt;/a&gt;</msg>
<arg>ingrediente_excluido.png</arg>
<doc>Takes a screenshot in JPEG format and embeds it into the log file.</doc>
<status status="PASS" start="2024-10-23T15:31:21.480378" elapsed="0.132549"/>
</kw>
<status status="PASS" start="2024-10-23T15:31:20.365922" elapsed="1.247005"/>
</kw>
<kw name="Fechar navegador" owner="resources_pitissaria" type="TEARDOWN">
<kw name="Close Browser" owner="SeleniumLibrary">
<doc>Closes the current browser.</doc>
<status status="PASS" start="2024-10-23T15:31:21.613928" elapsed="2.101473"/>
</kw>
<status status="PASS" start="2024-10-23T15:31:21.613928" elapsed="2.101473"/>
</kw>
<doc>Este verifica se é possivel remover um ingrediente</doc>
<tag>site_exclusão_de_ingrediente</tag>
<status status="PASS" start="2024-10-23T15:31:12.182475" elapsed="11.532926"/>
</test>
<doc>Cadastro de ingrediente</doc>
<status status="PASS" start="2024-10-23T15:30:02.312391" elapsed="81.404009"/>
</suite>
<statistics>
<total>
<stat pass="6" fail="0" skip="0">All Tests</stat>
</total>
<tag>
<stat pass="1" fail="0" skip="0">site_cadastro_ingrediente</stat>
<stat pass="1" fail="0" skip="0">site_cadastro_pizzaiolo_campo_faltante</stat>
<stat pass="1" fail="0" skip="0">site_cadastro_usuario</stat>
<stat pass="1" fail="0" skip="0">site_encontrar_pizza_disponiveis</stat>
<stat pass="1" fail="0" skip="0">site_exclusão_de_ingrediente</stat>
<stat pass="1" fail="0" skip="0">site_login_com_senha_errada</stat>
</tag>
<suite>
<stat pass="6" fail="0" skip="0" id="s1" name="Testes Pitissaria">Testes Pitissaria</stat>
</suite>
</statistics>
<errors>
</errors>
</robot>
