<?xml version="1.0" encoding="UTF-8"?>
<robot generator="Robot 7.1 (Python 3.12.2 on win32)" generated="2024-10-25T10:23:21.203262" rpa="false" schemaversion="5">
<suite id="s1" name="Correção" source="C:\Users\arthu\OneDrive\Área de Trabalho\Faculdade\4° semestre\TrabalhosFacul\prova\correção.robot">
<test id="s1-t1" name="Caso de teste com Erros" line="11">
<kw name="Abrir Navegador ${URL} ${BROWSER}" source_name="Abrir Navegador ${URL} ${BROWSER}">
<kw name="Open Browser" owner="SeleniumLibrary">
<msg time="2024-10-25T10:23:21.358102" level="INFO">Opening browser 'chrome' to base url 'https://www.netshoes.com.br'.</msg>
<msg time="2024-10-25T10:23:23.196806" level="WARN">The chromedriver version (129.0.6668.100) detected in PATH at C:\Users\arthu\OneDrive\Área de Trabalho\Programs\chromedriver-win64\chromedriver.exe might not be compatible with the detected chrome version (130.0.6723.70); currently, chromedriver 130.0.6723.69 is recommended for chrome 130.*, so it is advised to delete the driver in PATH and retry</msg>
<arg>${URL}</arg>
<arg>${BROWSER}</arg>
<doc>Opens a new browser instance to the optional ``url``.</doc>
<status status="PASS" start="2024-10-25T10:23:21.358102" elapsed="9.555125"/>
</kw>
<status status="PASS" start="2024-10-25T10:23:21.357101" elapsed="9.556126"/>
</kw>
<kw name="Realizar Pesquisa Robot Framework" source_name="Realizar Pesquisa ${termo}">
<kw name="Input Text" owner="SeleniumLibrary">
<msg time="2024-10-25T10:23:30.915230" level="INFO">Typing text 'Robot Framework' into text field 'Pesquisa'.</msg>
<msg time="2024-10-25T10:23:31.123059" level="INFO" html="true">&lt;/td&gt;&lt;/tr&gt;&lt;tr&gt;&lt;td colspan="3"&gt;&lt;a href="selenium-screenshot-1.png"&gt;&lt;img src="selenium-screenshot-1.png" width="800px"&gt;&lt;/a&gt;</msg>
<msg time="2024-10-25T10:23:31.123059" level="FAIL">Element with locator 'Pesquisa' not found.</msg>
<arg>Pesquisa</arg>
<arg>${termo}</arg>
<doc>Types the given ``text`` into the text field identified by ``locator``.</doc>
<status status="FAIL" start="2024-10-25T10:23:30.914228" elapsed="0.243821">Element with locator 'Pesquisa' not found.</status>
</kw>
<kw name="Click Button" owner="SeleniumLibrary">
<arg>Search</arg>
<doc>Clicks the button identified by ``locator``.</doc>
<status status="NOT RUN" start="2024-10-25T10:23:31.158049" elapsed="0.000000"/>
</kw>
<status status="FAIL" start="2024-10-25T10:23:30.914228" elapsed="0.244823">Element with locator 'Pesquisa' not found.</status>
</kw>
<kw name="Verificar Resultados 10" source_name="Verificar Resultados ${quantidade}">
<status status="NOT RUN" start="2024-10-25T10:23:31.159051" elapsed="0.000000"/>
</kw>
<status status="FAIL" start="2024-10-25T10:23:21.357101" elapsed="9.801950">Element with locator 'Pesquisa' not found.</status>
</test>
<status status="FAIL" start="2024-10-25T10:23:21.204530" elapsed="9.956491"/>
</suite>
<statistics>
<total>
<stat pass="0" fail="1" skip="0">All Tests</stat>
</total>
<tag>
</tag>
<suite>
<stat pass="0" fail="1" skip="0" id="s1" name="Correção">Correção</stat>
</suite>
</statistics>
<errors>
<msg time="2024-10-25T10:23:23.196806" level="WARN">The chromedriver version (129.0.6668.100) detected in PATH at C:\Users\arthu\OneDrive\Área de Trabalho\Programs\chromedriver-win64\chromedriver.exe might not be compatible with the detected chrome version (130.0.6723.70); currently, chromedriver 130.0.6723.69 is recommended for chrome 130.*, so it is advised to delete the driver in PATH and retry</msg>
</errors>
</robot>
