<?xml version="1.0" encoding="UTF-8"?>
<robot generator="Robot 7.1 (Python 3.12.2 on win32)" generated="2024-10-11T11:32:13.442525" rpa="false" schemaversion="5">
<suite id="s1" name="Lojinha Testes" source="C:\Users\arthu\OneDrive\Área de Trabalho\Estudos\python\TrabalhosFacul\Verificacao_E_Validacao\lojinha_testes.robot">
<test id="s1-t1" name="Caso de teste 01 - Realizar login" line="10">
<kw name="Abrir o Navegador" owner="lojinha_resources" type="SETUP">
<kw name="Open Browser" owner="SeleniumLibrary">
<msg time="2024-10-11T11:32:13.725472" level="INFO">Opening browser 'chrome' to base url 'https://Amazon.com.br'.</msg>
<arg>${URL}</arg>
<arg>browser=${BROWSER}</arg>
<doc>Opens a new browser instance to the optional ``url``.</doc>
<status status="PASS" start="2024-10-11T11:32:13.725472" elapsed="2.763467"/>
</kw>
<kw name="Maximize Browser Window" owner="SeleniumLibrary">
<doc>Maximizes current browser window.</doc>
<status status="PASS" start="2024-10-11T11:32:16.489791" elapsed="0.804372"/>
</kw>
<kw name="Sleep" owner="BuiltIn">
<msg time="2024-10-11T11:32:32.296042" level="INFO">Slept 15 seconds.</msg>
<arg>15s</arg>
<doc>Pauses the test executed for the given time.</doc>
<status status="PASS" start="2024-10-11T11:32:17.295910" elapsed="15.000132"/>
</kw>
<status status="PASS" start="2024-10-11T11:32:13.725472" elapsed="18.570570"/>
</kw>
<kw name="Acessar a pagina home do site" owner="lojinha_resources">
<kw name="Go To" owner="SeleniumLibrary">
<msg time="2024-10-11T11:32:32.298883" level="INFO">Opening url 'https://Amazon.com.br'</msg>
<arg>url=${URL}</arg>
<doc>Navigates the current browser window to the provided ``url``.</doc>
<status status="PASS" start="2024-10-11T11:32:32.297752" elapsed="2.046902"/>
</kw>
<status status="PASS" start="2024-10-11T11:32:32.297752" elapsed="2.048530"/>
</kw>
<kw name="Digitar no campo usuário o usuário &quot;rafael&quot;" owner="lojinha_resources">
<kw name="Input Text" owner="SeleniumLibrary">
<msg time="2024-10-11T11:32:34.347703" level="INFO">Typing text 'rafael' into text field 'id:usuario'.</msg>
<msg time="2024-10-11T11:32:34.700375" level="INFO" html="true">&lt;/td&gt;&lt;/tr&gt;&lt;tr&gt;&lt;td colspan="3"&gt;&lt;a href="selenium-screenshot-7.png"&gt;&lt;img src="selenium-screenshot-7.png" width="800px"&gt;&lt;/a&gt;</msg>
<msg time="2024-10-11T11:32:34.701261" level="FAIL">Element with locator 'id:usuario' not found.</msg>
<arg>id:usuario</arg>
<arg>${USUARIO}</arg>
<doc>Types the given ``text`` into the text field identified by ``locator``.</doc>
<status status="FAIL" start="2024-10-11T11:32:34.347703" elapsed="0.358462">Element with locator 'id:usuario' not found.</status>
</kw>
<status status="FAIL" start="2024-10-11T11:32:34.347192" elapsed="0.359970">Element with locator 'id:usuario' not found.</status>
</kw>
<kw name="Digitar no campo senha a senha do usuário ativo &quot;123456&quot;" owner="lojinha_resources">
<status status="NOT RUN" start="2024-10-11T11:32:34.709035" elapsed="0.000000"/>
</kw>
<kw name="Adicionar o botão entrar e Verificar se o nome do usuário aparece na tela de boas vindas" owner="lojinha_resources">
<status status="NOT RUN" start="2024-10-11T11:32:34.717015" elapsed="0.000000"/>
</kw>
<kw name="Fechar o Navegador" owner="lojinha_resources" type="TEARDOWN">
<kw name="Close Browser" owner="SeleniumLibrary">
<doc>Closes the current browser.</doc>
<status status="PASS" start="2024-10-11T11:32:34.717015" elapsed="2.371668"/>
</kw>
<status status="PASS" start="2024-10-11T11:32:34.717015" elapsed="2.371668"/>
</kw>
<doc>Este teste verifica o site da lojinha</doc>
<tag>site_principal</tag>
<status status="FAIL" start="2024-10-11T11:32:13.725472" elapsed="23.363211">Element with locator 'id:usuario' not found.</status>
</test>
<test id="s1-t2" name="Caso de teste 02 - Realizar login com usuário inativo" line="18">
<kw name="Abrir o Navegador" owner="lojinha_resources" type="SETUP">
<kw name="Open Browser" owner="SeleniumLibrary">
<msg time="2024-10-11T11:32:37.088683" level="INFO">Opening browser 'chrome' to base url 'https://Amazon.com.br'.</msg>
<arg>${URL}</arg>
<arg>browser=${BROWSER}</arg>
<doc>Opens a new browser instance to the optional ``url``.</doc>
<status status="PASS" start="2024-10-11T11:32:37.088683" elapsed="3.975295"/>
</kw>
<kw name="Maximize Browser Window" owner="SeleniumLibrary">
<doc>Maximizes current browser window.</doc>
<status status="PASS" start="2024-10-11T11:32:41.063978" elapsed="0.041790"/>
</kw>
<kw name="Sleep" owner="BuiltIn">
<msg time="2024-10-11T11:32:56.107081" level="INFO">Slept 15 seconds.</msg>
<arg>15s</arg>
<doc>Pauses the test executed for the given time.</doc>
<status status="PASS" start="2024-10-11T11:32:41.105768" elapsed="15.001832"/>
</kw>
<status status="PASS" start="2024-10-11T11:32:37.088683" elapsed="19.018917"/>
</kw>
<kw name="Acessar a pagina home do site" owner="lojinha_resources">
<kw name="Go To" owner="SeleniumLibrary">
<msg time="2024-10-11T11:32:56.109726" level="INFO">Opening url 'https://Amazon.com.br'</msg>
<arg>url=${URL}</arg>
<doc>Navigates the current browser window to the provided ``url``.</doc>
<status status="PASS" start="2024-10-11T11:32:56.108739" elapsed="1.741180"/>
</kw>
<status status="PASS" start="2024-10-11T11:32:56.107600" elapsed="1.742319"/>
</kw>
<kw name="Digitar no campo usuário o usuário &quot;Paulo&quot;" owner="lojinha_resources">
<kw name="Input Text" owner="SeleniumLibrary">
<msg time="2024-10-11T11:32:57.849919" level="INFO">Typing text 'paulo' into text field 'id:usuario'.</msg>
<msg time="2024-10-11T11:32:58.219241" level="INFO" html="true">&lt;/td&gt;&lt;/tr&gt;&lt;tr&gt;&lt;td colspan="3"&gt;&lt;a href="selenium-screenshot-8.png"&gt;&lt;img src="selenium-screenshot-8.png" width="800px"&gt;&lt;/a&gt;</msg>
<msg time="2024-10-11T11:32:58.219241" level="FAIL">Element with locator 'id:usuario' not found.</msg>
<arg>id:usuario</arg>
<arg>${USUARIODOIS}</arg>
<doc>Types the given ``text`` into the text field identified by ``locator``.</doc>
<status status="FAIL" start="2024-10-11T11:32:57.849919" elapsed="0.371594">Element with locator 'id:usuario' not found.</status>
</kw>
<status status="FAIL" start="2024-10-11T11:32:57.849919" elapsed="0.371594">Element with locator 'id:usuario' not found.</status>
</kw>
<kw name="Digitar no campo senha a senha do usuário inativo &quot;111111&quot;" owner="lojinha_resources">
<status status="NOT RUN" start="2024-10-11T11:32:58.221513" elapsed="0.000000"/>
</kw>
<kw name="Acionar o botão entrar e Verificar mensagem de falha no login" owner="lojinha_resources">
<status status="NOT RUN" start="2024-10-11T11:32:58.221513" elapsed="0.000000"/>
</kw>
<kw name="Fechar o Navegador" owner="lojinha_resources" type="TEARDOWN">
<kw name="Close Browser" owner="SeleniumLibrary">
<doc>Closes the current browser.</doc>
<status status="PASS" start="2024-10-11T11:32:58.221513" elapsed="2.286928"/>
</kw>
<status status="PASS" start="2024-10-11T11:32:58.221513" elapsed="2.286928"/>
</kw>
<status status="FAIL" start="2024-10-11T11:32:37.088683" elapsed="23.419758">Element with locator 'id:usuario' not found.</status>
</test>
<doc>Realizar login com usuário ativo</doc>
<status status="FAIL" start="2024-10-11T11:32:13.442525" elapsed="47.065916"/>
</suite>
<statistics>
<total>
<stat pass="0" fail="2" skip="0">All Tests</stat>
</total>
<tag>
<stat pass="0" fail="1" skip="0">site_principal</stat>
</tag>
<suite>
<stat pass="0" fail="2" skip="0" id="s1" name="Lojinha Testes">Lojinha Testes</stat>
</suite>
</statistics>
<errors>
</errors>
</robot>
